<?xml version="1.0" encoding="utf-8" standalone="no"?>
<test-results xmlns:xsi="http://www.w3.org/2001/XMLSchema-instance" xsi:noNamespaceSchemaLocation="nunit_schema_2.5.xsd" name="Pester" total="584" errors="0" failures="33" not-run="4" inconclusive="0" ignored="0" skipped="5" invalid="0" date="2026-02-24" time="18:12:18">
  <environment clr-version="4.0.30319.42000" user-domain="BATTLESTATION" cwd="C:\Celerium\Projects\_API\Celerium.DattoBCDR" platform="Microsoft Windows 11 Pro|C:\WINDOWS|\Device\Harddisk0\Partition3" machine-name="BATTLESTATION" nunit-version="2.5.8.0" os-version="10.0.26200" user="David" />
  <culture-info current-culture="en-US" current-uiculture="en-US" />
  <test-suite type="TestFixture" name="Pester" executed="True" result="Failure" success="False" time="17.6676" asserts="0" description="Pester">
    <results>
      <test-suite type="TestFixture" name="C:\Celerium\Projects\_API\Celerium.DattoBCDR\tests\Celerium.DattoBCDR.Tests.ps1" executed="True" result="Failure" success="False" time="0.3727" asserts="0" description="C:\Celerium\Projects\_API\Celerium.DattoBCDR\tests\Celerium.DattoBCDR.Tests.ps1">
        <results>
          <test-suite type="TestFixture" name="Testing the [ Built ] version of [ Celerium.DattoBCDR ] with [ Celerium.DattoBCDR.Tests.ps1 ]" executed="True" result="Failure" success="False" time="0.2309" asserts="0" description="Testing the [ Built ] version of [ Celerium.DattoBCDR ] with [ Celerium.DattoBCDR.Tests.ps1 ]">
            <results>
              <test-suite type="TestFixture" name="Testing the [ Built ] version of [ Celerium.DattoBCDR ] with [ Celerium.DattoBCDR.Tests.ps1 ].[ Celerium.DattoBCDR.psd1 ] general manifest data" executed="True" result="Failure" success="False" time="0.1695" asserts="0" description="Testing the [ Built ] version of [ Celerium.DattoBCDR ] with [ Celerium.DattoBCDR.Tests.ps1 ].[ Celerium.DattoBCDR.psd1 ] general manifest data">
                <results>
                  <test-case description="Manifest [ RootModule ] has valid data" name="Testing the [ Built ] version of [ Celerium.DattoBCDR ] with [ Celerium.DattoBCDR.Tests.ps1 ].[ Celerium.DattoBCDR.psd1 ] general manifest data.Manifest [ RootModule ] has valid data" time="0.0071" asserts="0" success="True" result="Success" executed="True" />
                  <test-case description="Manifest [ ModuleVersion ] has valid data" name="Testing the [ Built ] version of [ Celerium.DattoBCDR ] with [ Celerium.DattoBCDR.Tests.ps1 ].[ Celerium.DattoBCDR.psd1 ] general manifest data.Manifest [ ModuleVersion ] has valid data" time="0.005" asserts="0" success="True" result="Success" executed="True" />
                  <test-case description="Manifest [ GUID ] has valid data" name="Testing the [ Built ] version of [ Celerium.DattoBCDR ] with [ Celerium.DattoBCDR.Tests.ps1 ].[ Celerium.DattoBCDR.psd1 ] general manifest data.Manifest [ GUID ] has valid data" time="0.007" asserts="0" success="True" result="Success" executed="True" />
                  <test-case description="Manifest [ Author ] has valid data" name="Testing the [ Built ] version of [ Celerium.DattoBCDR ] with [ Celerium.DattoBCDR.Tests.ps1 ].[ Celerium.DattoBCDR.psd1 ] general manifest data.Manifest [ Author ] has valid data" time="0.0057" asserts="0" success="True" result="Success" executed="True" />
                  <test-case description="Manifest [ CompanyName ] has valid data" name="Testing the [ Built ] version of [ Celerium.DattoBCDR ] with [ Celerium.DattoBCDR.Tests.ps1 ].[ Celerium.DattoBCDR.psd1 ] general manifest data.Manifest [ CompanyName ] has valid data" time="0.0102" asserts="0" success="True" result="Success" executed="True" />
                  <test-case description="Manifest [ Copyright ] has valid data" name="Testing the [ Built ] version of [ Celerium.DattoBCDR ] with [ Celerium.DattoBCDR.Tests.ps1 ].[ Celerium.DattoBCDR.psd1 ] general manifest data.Manifest [ Copyright ] has valid data" time="0.0057" asserts="0" success="True" result="Success" executed="True" />
                  <test-case description="Manifest [ Description ] is not empty" name="Testing the [ Built ] version of [ Celerium.DattoBCDR ] with [ Celerium.DattoBCDR.Tests.ps1 ].[ Celerium.DattoBCDR.psd1 ] general manifest data.Manifest [ Description ] is not empty" time="0.0058" asserts="0" success="True" result="Success" executed="True" />
                  <test-case description="Manifest [ PowerShellVersion ] has valid data" name="Testing the [ Built ] version of [ Celerium.DattoBCDR ] with [ Celerium.DattoBCDR.Tests.ps1 ].[ Celerium.DattoBCDR.psd1 ] general manifest data.Manifest [ PowerShellVersion ] has valid data" time="0.0048" asserts="0" success="True" result="Success" executed="True" />
                  <test-case description="Manifest [ NestedModules ] has valid data" name="Testing the [ Built ] version of [ Celerium.DattoBCDR ] with [ Celerium.DattoBCDR.Tests.ps1 ].[ Celerium.DattoBCDR.psd1 ] general manifest data.Manifest [ NestedModules ] has valid data" time="0.0073" asserts="0" success="True" result="Success" executed="True" />
                  <test-case description="Manifest [ FunctionsToExport ] has valid data" name="Testing the [ Built ] version of [ Celerium.DattoBCDR ] with [ Celerium.DattoBCDR.Tests.ps1 ].[ Celerium.DattoBCDR.psd1 ] general manifest data.Manifest [ FunctionsToExport ] has valid data" time="0.0195" asserts="0" success="False" result="Failure" executed="True">
                    <failure>
                      <message>Expected 33, but got 34.</message>
                      <stack-trace>at ($Module.ExportedCommands).Count | Should -Be 33, C:\Celerium\Projects\_API\Celerium.DattoBCDR\tests\Celerium.DattoBCDR.Tests.ps1:186
at &lt;ScriptBlock&gt;, C:\Celerium\Projects\_API\Celerium.DattoBCDR\tests\Celerium.DattoBCDR.Tests.ps1:186</stack-trace>
                    </failure>
                  </test-case>
                  <test-case description="Manifest [ CmdletsToExport ] is empty" name="Testing the [ Built ] version of [ Celerium.DattoBCDR ] with [ Celerium.DattoBCDR.Tests.ps1 ].[ Celerium.DattoBCDR.psd1 ] general manifest data.Manifest [ CmdletsToExport ] is empty" time="0.014" asserts="0" success="True" result="Success" executed="True" />
                  <test-case description="Manifest [ VariablesToExport ] is empty" name="Testing the [ Built ] version of [ Celerium.DattoBCDR ] with [ Celerium.DattoBCDR.Tests.ps1 ].[ Celerium.DattoBCDR.psd1 ] general manifest data.Manifest [ VariablesToExport ] is empty" time="0.0088" asserts="0" success="True" result="Success" executed="True" />
                  <test-case description="Manifest [ AliasesToExport ] has alias" name="Testing the [ Built ] version of [ Celerium.DattoBCDR ] with [ Celerium.DattoBCDR.Tests.ps1 ].[ Celerium.DattoBCDR.psd1 ] general manifest data.Manifest [ AliasesToExport ] has alias" time="0.0124" asserts="0" success="True" result="Success" executed="True" />
                  <test-case description="Manifest [ Tags ] has valid data" name="Testing the [ Built ] version of [ Celerium.DattoBCDR ] with [ Celerium.DattoBCDR.Tests.ps1 ].[ Celerium.DattoBCDR.psd1 ] general manifest data.Manifest [ Tags ] has valid data" time="0.0088" asserts="0" success="True" result="Success" executed="True" />
                  <test-case description="Manifest [ LicenseUri ] has valid data" name="Testing the [ Built ] version of [ Celerium.DattoBCDR ] with [ Celerium.DattoBCDR.Tests.ps1 ].[ Celerium.DattoBCDR.psd1 ] general manifest data.Manifest [ LicenseUri ] has valid data" time="0.0068" asserts="0" success="True" result="Success" executed="True" />
                  <test-case description="Manifest [ ProjectUri ] has valid data" name="Testing the [ Built ] version of [ Celerium.DattoBCDR ] with [ Celerium.DattoBCDR.Tests.ps1 ].[ Celerium.DattoBCDR.psd1 ] general manifest data.Manifest [ ProjectUri ] has valid data" time="0.0096" asserts="0" success="True" result="Success" executed="True" />
                  <test-case description="Manifest [ IconUri ] has valid data" name="Testing the [ Built ] version of [ Celerium.DattoBCDR ] with [ Celerium.DattoBCDR.Tests.ps1 ].[ Celerium.DattoBCDR.psd1 ] general manifest data.Manifest [ IconUri ] has valid data" time="0.0066" asserts="0" success="True" result="Success" executed="True" />
                  <test-case description="Manifest [ ReleaseNotes ] has valid data" name="Testing the [ Built ] version of [ Celerium.DattoBCDR ] with [ Celerium.DattoBCDR.Tests.ps1 ].[ Celerium.DattoBCDR.psd1 ] general manifest data.Manifest [ ReleaseNotes ] has valid data" time="0.0062" asserts="0" success="True" result="Success" executed="True" />
                  <test-case description="Manifest [ HelpInfoUri ] is not empty" name="Testing the [ Built ] version of [ Celerium.DattoBCDR ] with [ Celerium.DattoBCDR.Tests.ps1 ].[ Celerium.DattoBCDR.psd1 ] general manifest data.Manifest [ HelpInfoUri ] is not empty" time="0.0052" asserts="0" success="True" result="Success" executed="True" />
                </results>
              </test-suite>
              <test-suite type="TestFixture" name="Testing the [ Built ] version of [ Celerium.DattoBCDR ] with [ Celerium.DattoBCDR.Tests.ps1 ].[ Celerium.DattoBCDR.psd1 ] module import test" executed="True" result="Success" success="True" time="0.2177" asserts="0" description="Testing the [ Built ] version of [ Celerium.DattoBCDR ] with [ Celerium.DattoBCDR.Tests.ps1 ].[ Celerium.DattoBCDR.psd1 ] module import test">
                <results>
                  <test-case description="Module contains only PowerShell files" name="Testing the [ Built ] version of [ Celerium.DattoBCDR ] with [ Celerium.DattoBCDR.Tests.ps1 ].[ Celerium.DattoBCDR.psd1 ] module import test.Module contains only PowerShell files" time="0.0109" asserts="0" success="True" result="Success" executed="True" />
                  <test-case description="Module files exist" name="Testing the [ Built ] version of [ Celerium.DattoBCDR ] with [ Celerium.DattoBCDR.Tests.ps1 ].[ Celerium.DattoBCDR.psd1 ] module import test.Module files exist" time="0.0075" asserts="0" success="True" result="Success" executed="True" />
                  <test-case description="Should pass Test-ModuleManifest" name="Testing the [ Built ] version of [ Celerium.DattoBCDR ] with [ Celerium.DattoBCDR.Tests.ps1 ].[ Celerium.DattoBCDR.psd1 ] module import test.Should pass Test-ModuleManifest" time="0.0105" asserts="0" success="True" result="Success" executed="True" />
                  <test-case description="Should import successfully" name="Testing the [ Built ] version of [ Celerium.DattoBCDR ] with [ Celerium.DattoBCDR.Tests.ps1 ].[ Celerium.DattoBCDR.psd1 ] module import test.Should import successfully" time="0.0104" asserts="0" success="True" result="Success" executed="True" />
                </results>
              </test-suite>
            </results>
          </test-suite>
        </results>
      </test-suite>
      <test-suite type="TestFixture" name="C:\Celerium\Projects\_API\Celerium.DattoBCDR\tests\HelpComment.Tests.ps1" executed="True" result="Failure" success="False" time="6.9274" asserts="0" description="C:\Celerium\Projects\_API\Celerium.DattoBCDR\tests\HelpComment.Tests.ps1">
        <results>
          <test-suite type="TestFixture" name="Testing the [ Built ] version of [ Celerium.DattoBCDR ] with [ HelpComment.Tests.ps1 ]" executed="True" result="Failure" success="False" time="4.3974" asserts="0" description="Testing the [ Built ] version of [ Celerium.DattoBCDR ] with [ HelpComment.Tests.ps1 ]">
            <results>
              <test-suite type="TestFixture" name="Testing the [ Built ] version of [ Celerium.DattoBCDR ] with [ HelpComment.Tests.ps1 ].[ Celerium.DattoBCDR ] module help tests" executed="True" result="Failure" success="False" time="0.1696" asserts="0" description="Testing the [ Built ] version of [ Celerium.DattoBCDR ] with [ HelpComment.Tests.ps1 ].[ Celerium.DattoBCDR ] module help tests">
                <results>
                  <test-suite type="TestFixture" name="Testing the [ Built ] version of [ Celerium.DattoBCDR ] with [ HelpComment.Tests.ps1 ].[ Celerium.DattoBCDR ] module help tests.[ Add-DattoBCDRAPIKey ]" executed="True" result="Failure" success="False" time="0.1573" asserts="0" description="Testing the [ Built ] version of [ Celerium.DattoBCDR ] with [ HelpComment.Tests.ps1 ].[ Celerium.DattoBCDR ] module help tests.[ Add-DattoBCDRAPIKey ]">
                    <results>
                      <test-case description="[ Add-DattoBCDRAPIKey ] contains comment based help" name="Testing the [ Built ] version of [ Celerium.DattoBCDR ] with [ HelpComment.Tests.ps1 ].[ Celerium.DattoBCDR ] module help tests.[ Add-DattoBCDRAPIKey ].[ Add-DattoBCDRAPIKey ] contains comment based help" time="0.0054" asserts="0" success="True" result="Success" executed="True" />
                      <test-case description="[ Add-DattoBCDRAPIKey ] contains a synopsis" name="Testing the [ Built ] version of [ Celerium.DattoBCDR ] with [ HelpComment.Tests.ps1 ].[ Celerium.DattoBCDR ] module help tests.[ Add-DattoBCDRAPIKey ].[ Add-DattoBCDRAPIKey ] contains a synopsis" time="0.0052" asserts="0" success="True" result="Success" executed="True" />
                      <test-case description="[ Add-DattoBCDRAPIKey ] contains a description" name="Testing the [ Built ] version of [ Celerium.DattoBCDR ] with [ HelpComment.Tests.ps1 ].[ Celerium.DattoBCDR ] module help tests.[ Add-DattoBCDRAPIKey ].[ Add-DattoBCDRAPIKey ] contains a description" time="0.005" asserts="0" success="True" result="Success" executed="True" />
                      <test-case description="[ Add-DattoBCDRAPIKey ] contains at least one usage example" name="Testing the [ Built ] version of [ Celerium.DattoBCDR ] with [ HelpComment.Tests.ps1 ].[ Celerium.DattoBCDR ] module help tests.[ Add-DattoBCDRAPIKey ].[ Add-DattoBCDRAPIKey ] contains at least one usage example" time="0.0123" asserts="0" success="True" result="Success" executed="True" />
                      <test-case description="[ Add-DattoBCDRAPIKey ] contains a note" name="Testing the [ Built ] version of [ Celerium.DattoBCDR ] with [ HelpComment.Tests.ps1 ].[ Celerium.DattoBCDR ] module help tests.[ Add-DattoBCDRAPIKey ].[ Add-DattoBCDRAPIKey ] contains a note" time="0.005" asserts="0" success="True" result="Success" executed="True" />
                      <test-case description="[ Add-DattoBCDRAPIKey ] contains a link" name="Testing the [ Built ] version of [ Celerium.DattoBCDR ] with [ HelpComment.Tests.ps1 ].[ Celerium.DattoBCDR ] module help tests.[ Add-DattoBCDRAPIKey ].[ Add-DattoBCDRAPIKey ] contains a link" time="0.0048" asserts="0" success="True" result="Success" executed="True" />
                      <test-case description="[ Add-DattoBCDRAPIKey ] link should return 200" name="Testing the [ Built ] version of [ Celerium.DattoBCDR ] with [ HelpComment.Tests.ps1 ].[ Celerium.DattoBCDR ] module help tests.[ Add-DattoBCDRAPIKey ].[ Add-DattoBCDRAPIKey ] link should return 200" time="0.0752" asserts="0" success="False" result="Failure" executed="True">
                        <failure>
                          <message>Expected '200', but got $null.</message>
                          <stack-trace>at $Link.StatusCode | Should -Be '200', C:\Celerium\Projects\_API\Celerium.DattoBCDR\tests\HelpComment.Tests.ps1:226
at &lt;ScriptBlock&gt;, C:\Celerium\Projects\_API\Celerium.DattoBCDR\tests\HelpComment.Tests.ps1:226</stack-trace>
                        </failure>
                      </test-case>
                      <test-suite type="ParameterizedTest" name="Testing the [ Built ] version of [ Celerium.DattoBCDR ] with [ HelpComment.Tests.ps1 ].[ Celerium.DattoBCDR ] module help tests.[ Add-DattoBCDRAPIKey ].[ Add-DattoBCDRAPIKey ] - Parameter has a description - [ &lt;_.name&gt; ]" executed="True" result="Success" success="True" time="0.0105" asserts="0" description="[ Add-DattoBCDRAPIKey ] - Parameter has a description - [ &lt;_.name&gt; ]">
                        <results>
                          <test-case description="[ Add-DattoBCDRAPIKey ] - Parameter has a description - [ ApiKeyPublic ]" name="Testing the [ Built ] version of [ Celerium.DattoBCDR ] with [ HelpComment.Tests.ps1 ].[ Celerium.DattoBCDR ] module help tests.[ Add-DattoBCDRAPIKey ].[ Add-DattoBCDRAPIKey ] - Parameter has a description - [ ApiKeyPublic ]" time="0.0052" asserts="0" success="True" result="Success" executed="True" />
                          <test-case description="[ Add-DattoBCDRAPIKey ] - Parameter has a description - [ ApiKeySecret ]" name="Testing the [ Built ] version of [ Celerium.DattoBCDR ] with [ HelpComment.Tests.ps1 ].[ Celerium.DattoBCDR ] module help tests.[ Add-DattoBCDRAPIKey ].[ Add-DattoBCDRAPIKey ] - Parameter has a description - [ ApiKeySecret ]" time="0.0053" asserts="0" success="True" result="Success" executed="True" />
                        </results>
                      </test-suite>
                      <test-suite type="ParameterizedTest" name="Testing the [ Built ] version of [ Celerium.DattoBCDR ] with [ HelpComment.Tests.ps1 ].[ Celerium.DattoBCDR ] module help tests.[ Add-DattoBCDRAPIKey ].[ Add-DattoBCDRAPIKey ] - Example has example code &amp; description   - [ &lt;_.title -replace '-'.''&gt; ]" executed="True" result="Success" success="True" time="0.0224" asserts="0" description="[ Add-DattoBCDRAPIKey ] - Example has example code &amp; description   - [ &lt;_.title -replace '-'.''&gt; ]">
                        <results>
                          <test-case description="[ Add-DattoBCDRAPIKey ] - Example has example code &amp; description   - [  EXAMPLE 1  ]" name="Testing the [ Built ] version of [ Celerium.DattoBCDR ] with [ HelpComment.Tests.ps1 ].[ Celerium.DattoBCDR ] module help tests.[ Add-DattoBCDRAPIKey ].[ Add-DattoBCDRAPIKey ] - Example has example code &amp; description   - [  EXAMPLE 1  ]" time="0.0075" asserts="0" success="True" result="Success" executed="True" />
                          <test-case description="[ Add-DattoBCDRAPIKey ] - Example has example code &amp; description   - [  EXAMPLE 2  ]" name="Testing the [ Built ] version of [ Celerium.DattoBCDR ] with [ HelpComment.Tests.ps1 ].[ Celerium.DattoBCDR ] module help tests.[ Add-DattoBCDRAPIKey ].[ Add-DattoBCDRAPIKey ] - Example has example code &amp; description   - [  EXAMPLE 2  ]" time="0.0071" asserts="0" success="True" result="Success" executed="True" />
                          <test-case description="[ Add-DattoBCDRAPIKey ] - Example has example code &amp; description   - [  EXAMPLE 3  ]" name="Testing the [ Built ] version of [ Celerium.DattoBCDR ] with [ HelpComment.Tests.ps1 ].[ Celerium.DattoBCDR ] module help tests.[ Add-DattoBCDRAPIKey ].[ Add-DattoBCDRAPIKey ] - Example has example code &amp; description   - [  EXAMPLE 3  ]" time="0.0077" asserts="0" success="True" result="Success" executed="True" />
                        </results>
                      </test-suite>
                    </results>
                  </test-suite>
                </results>
              </test-suite>
              <test-suite type="TestFixture" name="Testing the [ Built ] version of [ Celerium.DattoBCDR ] with [ HelpComment.Tests.ps1 ].[ Celerium.DattoBCDR ] module help tests" executed="True" result="Failure" success="False" time="0.31" asserts="0" description="Testing the [ Built ] version of [ Celerium.DattoBCDR ] with [ HelpComment.Tests.ps1 ].[ Celerium.DattoBCDR ] module help tests">
                <results>
                  <test-suite type="TestFixture" name="Testing the [ Built ] version of [ Celerium.DattoBCDR ] with [ HelpComment.Tests.ps1 ].[ Celerium.DattoBCDR ] module help tests.[ Add-DattoBCDRBaseURI ]" executed="True" result="Failure" success="False" time="0.1273" asserts="0" description="Testing the [ Built ] version of [ Celerium.DattoBCDR ] with [ HelpComment.Tests.ps1 ].[ Celerium.DattoBCDR ] module help tests.[ Add-DattoBCDRBaseURI ]">
                    <results>
                      <test-case description="[ Add-DattoBCDRBaseURI ] contains comment based help" name="Testing the [ Built ] version of [ Celerium.DattoBCDR ] with [ HelpComment.Tests.ps1 ].[ Celerium.DattoBCDR ] module help tests.[ Add-DattoBCDRBaseURI ].[ Add-DattoBCDRBaseURI ] contains comment based help" time="0.0053" asserts="0" success="True" result="Success" executed="True" />
                      <test-case description="[ Add-DattoBCDRBaseURI ] contains a synopsis" name="Testing the [ Built ] version of [ Celerium.DattoBCDR ] with [ HelpComment.Tests.ps1 ].[ Celerium.DattoBCDR ] module help tests.[ Add-DattoBCDRBaseURI ].[ Add-DattoBCDRBaseURI ] contains a synopsis" time="0.0051" asserts="0" success="True" result="Success" executed="True" />
                      <test-case description="[ Add-DattoBCDRBaseURI ] contains a description" name="Testing the [ Built ] version of [ Celerium.DattoBCDR ] with [ HelpComment.Tests.ps1 ].[ Celerium.DattoBCDR ] module help tests.[ Add-DattoBCDRBaseURI ].[ Add-DattoBCDRBaseURI ] contains a description" time="0.0049" asserts="0" success="True" result="Success" executed="True" />
                      <test-case description="[ Add-DattoBCDRBaseURI ] contains at least one usage example" name="Testing the [ Built ] version of [ Celerium.DattoBCDR ] with [ HelpComment.Tests.ps1 ].[ Celerium.DattoBCDR ] module help tests.[ Add-DattoBCDRBaseURI ].[ Add-DattoBCDRBaseURI ] contains at least one usage example" time="0.0112" asserts="0" success="True" result="Success" executed="True" />
                      <test-case description="[ Add-DattoBCDRBaseURI ] contains a note" name="Testing the [ Built ] version of [ Celerium.DattoBCDR ] with [ HelpComment.Tests.ps1 ].[ Celerium.DattoBCDR ] module help tests.[ Add-DattoBCDRBaseURI ].[ Add-DattoBCDRBaseURI ] contains a note" time="0.005" asserts="0" success="True" result="Success" executed="True" />
                      <test-case description="[ Add-DattoBCDRBaseURI ] contains a link" name="Testing the [ Built ] version of [ Celerium.DattoBCDR ] with [ HelpComment.Tests.ps1 ].[ Celerium.DattoBCDR ] module help tests.[ Add-DattoBCDRBaseURI ].[ Add-DattoBCDRBaseURI ] contains a link" time="0.0052" asserts="0" success="True" result="Success" executed="True" />
                      <test-case description="[ Add-DattoBCDRBaseURI ] link should return 200" name="Testing the [ Built ] version of [ Celerium.DattoBCDR ] with [ HelpComment.Tests.ps1 ].[ Celerium.DattoBCDR ] module help tests.[ Add-DattoBCDRBaseURI ].[ Add-DattoBCDRBaseURI ] link should return 200" time="0.0425" asserts="0" success="False" result="Failure" executed="True">
                        <failure>
                          <message>Expected '200', but got $null.</message>
                          <stack-trace>at $Link.StatusCode | Should -Be '200', C:\Celerium\Projects\_API\Celerium.DattoBCDR\tests\HelpComment.Tests.ps1:226
at &lt;ScriptBlock&gt;, C:\Celerium\Projects\_API\Celerium.DattoBCDR\tests\HelpComment.Tests.ps1:226</stack-trace>
                        </failure>
                      </test-case>
                      <test-suite type="ParameterizedTest" name="Testing the [ Built ] version of [ Celerium.DattoBCDR ] with [ HelpComment.Tests.ps1 ].[ Celerium.DattoBCDR ] module help tests.[ Add-DattoBCDRBaseURI ].[ Add-DattoBCDRBaseURI ] - Parameter has a description - [ &lt;_.name&gt; ]" executed="True" result="Success" success="True" time="0.0151" asserts="0" description="[ Add-DattoBCDRBaseURI ] - Parameter has a description - [ &lt;_.name&gt; ]">
                        <results>
                          <test-case description="[ Add-DattoBCDRBaseURI ] - Parameter has a description - [ BaseUri ]" name="Testing the [ Built ] version of [ Celerium.DattoBCDR ] with [ HelpComment.Tests.ps1 ].[ Celerium.DattoBCDR ] module help tests.[ Add-DattoBCDRBaseURI ].[ Add-DattoBCDRBaseURI ] - Parameter has a description - [ BaseUri ]" time="0.0058" asserts="0" success="True" result="Success" executed="True" />
                          <test-case description="[ Add-DattoBCDRBaseURI ] - Parameter has a description - [ DataCenter ]" name="Testing the [ Built ] version of [ Celerium.DattoBCDR ] with [ HelpComment.Tests.ps1 ].[ Celerium.DattoBCDR ] module help tests.[ Add-DattoBCDRBaseURI ].[ Add-DattoBCDRBaseURI ] - Parameter has a description - [ DataCenter ]" time="0.0093" asserts="0" success="True" result="Success" executed="True" />
                        </results>
                      </test-suite>
                      <test-suite type="ParameterizedTest" name="Testing the [ Built ] version of [ Celerium.DattoBCDR ] with [ HelpComment.Tests.ps1 ].[ Celerium.DattoBCDR ] module help tests.[ Add-DattoBCDRBaseURI ].[ Add-DattoBCDRBaseURI ] - Example has example code &amp; description   - [ &lt;_.title -replace '-'.''&gt; ]" executed="True" result="Success" success="True" time="0.0218" asserts="0" description="[ Add-DattoBCDRBaseURI ] - Example has example code &amp; description   - [ &lt;_.title -replace '-'.''&gt; ]">
                        <results>
                          <test-case description="[ Add-DattoBCDRBaseURI ] - Example has example code &amp; description   - [  EXAMPLE 1  ]" name="Testing the [ Built ] version of [ Celerium.DattoBCDR ] with [ HelpComment.Tests.ps1 ].[ Celerium.DattoBCDR ] module help tests.[ Add-DattoBCDRBaseURI ].[ Add-DattoBCDRBaseURI ] - Example has example code &amp; description   - [  EXAMPLE 1  ]" time="0.0073" asserts="0" success="True" result="Success" executed="True" />
                          <test-case description="[ Add-DattoBCDRBaseURI ] - Example has example code &amp; description   - [  EXAMPLE 2  ]" name="Testing the [ Built ] version of [ Celerium.DattoBCDR ] with [ HelpComment.Tests.ps1 ].[ Celerium.DattoBCDR ] module help tests.[ Add-DattoBCDRBaseURI ].[ Add-DattoBCDRBaseURI ] - Example has example code &amp; description   - [  EXAMPLE 2  ]" time="0.0077" asserts="0" success="True" result="Success" executed="True" />
                          <test-case description="[ Add-DattoBCDRBaseURI ] - Example has example code &amp; description   - [  EXAMPLE 3  ]" name="Testing the [ Built ] version of [ Celerium.DattoBCDR ] with [ HelpComment.Tests.ps1 ].[ Celerium.DattoBCDR ] module help tests.[ Add-DattoBCDRBaseURI ].[ Add-DattoBCDRBaseURI ] - Example has example code &amp; description   - [  EXAMPLE 3  ]" time="0.0067" asserts="0" success="True" result="Success" executed="True" />
                        </results>
                      </test-suite>
                    </results>
                  </test-suite>
                </results>
              </test-suite>
              <test-suite type="TestFixture" name="Testing the [ Built ] version of [ Celerium.DattoBCDR ] with [ HelpComment.Tests.ps1 ].[ Celerium.DattoBCDR ] module help tests" executed="True" result="Failure" success="False" time="0.4195" asserts="0" description="Testing the [ Built ] version of [ Celerium.DattoBCDR ] with [ HelpComment.Tests.ps1 ].[ Celerium.DattoBCDR ] module help tests">
                <results>
                  <test-suite type="TestFixture" name="Testing the [ Built ] version of [ Celerium.DattoBCDR ] with [ HelpComment.Tests.ps1 ].[ Celerium.DattoBCDR ] module help tests.[ ConvertTo-DattoBCDRQueryString ]" executed="True" result="Failure" success="False" time="0.1001" asserts="0" description="Testing the [ Built ] version of [ Celerium.DattoBCDR ] with [ HelpComment.Tests.ps1 ].[ Celerium.DattoBCDR ] module help tests.[ ConvertTo-DattoBCDRQueryString ]">
                    <results>
                      <test-case description="[ ConvertTo-DattoBCDRQueryString ] contains comment based help" name="Testing the [ Built ] version of [ Celerium.DattoBCDR ] with [ HelpComment.Tests.ps1 ].[ Celerium.DattoBCDR ] module help tests.[ ConvertTo-DattoBCDRQueryString ].[ ConvertTo-DattoBCDRQueryString ] contains comment based help" time="0.0056" asserts="0" success="True" result="Success" executed="True" />
                      <test-case description="[ ConvertTo-DattoBCDRQueryString ] contains a synopsis" name="Testing the [ Built ] version of [ Celerium.DattoBCDR ] with [ HelpComment.Tests.ps1 ].[ Celerium.DattoBCDR ] module help tests.[ ConvertTo-DattoBCDRQueryString ].[ ConvertTo-DattoBCDRQueryString ] contains a synopsis" time="0.0047" asserts="0" success="True" result="Success" executed="True" />
                      <test-case description="[ ConvertTo-DattoBCDRQueryString ] contains a description" name="Testing the [ Built ] version of [ Celerium.DattoBCDR ] with [ HelpComment.Tests.ps1 ].[ Celerium.DattoBCDR ] module help tests.[ ConvertTo-DattoBCDRQueryString ].[ ConvertTo-DattoBCDRQueryString ] contains a description" time="0.0048" asserts="0" success="True" result="Success" executed="True" />
                      <test-case description="[ ConvertTo-DattoBCDRQueryString ] contains at least one usage example" name="Testing the [ Built ] version of [ Celerium.DattoBCDR ] with [ HelpComment.Tests.ps1 ].[ Celerium.DattoBCDR ] module help tests.[ ConvertTo-DattoBCDRQueryString ].[ ConvertTo-DattoBCDRQueryString ] contains at least one usage example" time="0.0095" asserts="0" success="True" result="Success" executed="True" />
                      <test-case description="[ ConvertTo-DattoBCDRQueryString ] contains a note" name="Testing the [ Built ] version of [ Celerium.DattoBCDR ] with [ HelpComment.Tests.ps1 ].[ Celerium.DattoBCDR ] module help tests.[ ConvertTo-DattoBCDRQueryString ].[ ConvertTo-DattoBCDRQueryString ] contains a note" time="0.0047" asserts="0" success="True" result="Success" executed="True" />
                      <test-case description="[ ConvertTo-DattoBCDRQueryString ] contains a link" name="Testing the [ Built ] version of [ Celerium.DattoBCDR ] with [ HelpComment.Tests.ps1 ].[ Celerium.DattoBCDR ] module help tests.[ ConvertTo-DattoBCDRQueryString ].[ ConvertTo-DattoBCDRQueryString ] contains a link" time="0.0048" asserts="0" success="True" result="Success" executed="True" />
                      <test-case description="[ ConvertTo-DattoBCDRQueryString ] link should return 200" name="Testing the [ Built ] version of [ Celerium.DattoBCDR ] with [ HelpComment.Tests.ps1 ].[ Celerium.DattoBCDR ] module help tests.[ ConvertTo-DattoBCDRQueryString ].[ ConvertTo-DattoBCDRQueryString ] link should return 200" time="0.0352" asserts="0" success="False" result="Failure" executed="True">
                        <failure>
                          <message>Expected '200', but got $null.</message>
                          <stack-trace>at $Link.StatusCode | Should -Be '200', C:\Celerium\Projects\_API\Celerium.DattoBCDR\tests\HelpComment.Tests.ps1:226
at &lt;ScriptBlock&gt;, C:\Celerium\Projects\_API\Celerium.DattoBCDR\tests\HelpComment.Tests.ps1:226</stack-trace>
                        </failure>
                      </test-case>
                      <test-suite type="ParameterizedTest" name="Testing the [ Built ] version of [ Celerium.DattoBCDR ] with [ HelpComment.Tests.ps1 ].[ Celerium.DattoBCDR ] module help tests.[ ConvertTo-DattoBCDRQueryString ].[ ConvertTo-DattoBCDRQueryString ] - Parameter has a description - [ &lt;_.name&gt; ]" executed="True" result="Success" success="True" time="0.0132" asserts="0" description="[ ConvertTo-DattoBCDRQueryString ] - Parameter has a description - [ &lt;_.name&gt; ]">
                        <results>
                          <test-case description="[ ConvertTo-DattoBCDRQueryString ] - Parameter has a description - [ UriFilter ]" name="Testing the [ Built ] version of [ Celerium.DattoBCDR ] with [ HelpComment.Tests.ps1 ].[ Celerium.DattoBCDR ] module help tests.[ ConvertTo-DattoBCDRQueryString ].[ ConvertTo-DattoBCDRQueryString ] - Parameter has a description - [ UriFilter ]" time="0.0132" asserts="0" success="True" result="Success" executed="True" />
                        </results>
                      </test-suite>
                      <test-suite type="ParameterizedTest" name="Testing the [ Built ] version of [ Celerium.DattoBCDR ] with [ HelpComment.Tests.ps1 ].[ Celerium.DattoBCDR ] module help tests.[ ConvertTo-DattoBCDRQueryString ].[ ConvertTo-DattoBCDRQueryString ] - Example has example code &amp; description   - [ &lt;_.title -replace '-'.''&gt; ]" executed="True" result="Success" success="True" time="0.007" asserts="0" description="[ ConvertTo-DattoBCDRQueryString ] - Example has example code &amp; description   - [ &lt;_.title -replace '-'.''&gt; ]">
                        <results>
                          <test-case description="[ ConvertTo-DattoBCDRQueryString ] - Example has example code &amp; description   - [  EXAMPLE 1  ]" name="Testing the [ Built ] version of [ Celerium.DattoBCDR ] with [ HelpComment.Tests.ps1 ].[ Celerium.DattoBCDR ] module help tests.[ ConvertTo-DattoBCDRQueryString ].[ ConvertTo-DattoBCDRQueryString ] - Example has example code &amp; description   - [  EXAMPLE 1  ]" time="0.007" asserts="0" success="True" result="Success" executed="True" />
                        </results>
                      </test-suite>
                    </results>
                  </test-suite>
                </results>
              </test-suite>
              <test-suite type="TestFixture" name="Testing the [ Built ] version of [ Celerium.DattoBCDR ] with [ HelpComment.Tests.ps1 ].[ Celerium.DattoBCDR ] module help tests" executed="True" result="Failure" success="False" time="0.5476" asserts="0" description="Testing the [ Built ] version of [ Celerium.DattoBCDR ] with [ HelpComment.Tests.ps1 ].[ Celerium.DattoBCDR ] module help tests">
                <results>
                  <test-suite type="TestFixture" name="Testing the [ Built ] version of [ Celerium.DattoBCDR ] with [ HelpComment.Tests.ps1 ].[ Celerium.DattoBCDR ] module help tests.[ Export-DattoBCDRModuleSettings ]" executed="True" result="Failure" success="False" time="0.1197" asserts="0" description="Testing the [ Built ] version of [ Celerium.DattoBCDR ] with [ HelpComment.Tests.ps1 ].[ Celerium.DattoBCDR ] module help tests.[ Export-DattoBCDRModuleSettings ]">
                    <results>
                      <test-case description="[ Export-DattoBCDRModuleSettings ] contains comment based help" name="Testing the [ Built ] version of [ Celerium.DattoBCDR ] with [ HelpComment.Tests.ps1 ].[ Celerium.DattoBCDR ] module help tests.[ Export-DattoBCDRModuleSettings ].[ Export-DattoBCDRModuleSettings ] contains comment based help" time="0.0092" asserts="0" success="True" result="Success" executed="True" />
                      <test-case description="[ Export-DattoBCDRModuleSettings ] contains a synopsis" name="Testing the [ Built ] version of [ Celerium.DattoBCDR ] with [ HelpComment.Tests.ps1 ].[ Celerium.DattoBCDR ] module help tests.[ Export-DattoBCDRModuleSettings ].[ Export-DattoBCDRModuleSettings ] contains a synopsis" time="0.0052" asserts="0" success="True" result="Success" executed="True" />
                      <test-case description="[ Export-DattoBCDRModuleSettings ] contains a description" name="Testing the [ Built ] version of [ Celerium.DattoBCDR ] with [ HelpComment.Tests.ps1 ].[ Celerium.DattoBCDR ] module help tests.[ Export-DattoBCDRModuleSettings ].[ Export-DattoBCDRModuleSettings ] contains a description" time="0.0047" asserts="0" success="True" result="Success" executed="True" />
                      <test-case description="[ Export-DattoBCDRModuleSettings ] contains at least one usage example" name="Testing the [ Built ] version of [ Celerium.DattoBCDR ] with [ HelpComment.Tests.ps1 ].[ Celerium.DattoBCDR ] module help tests.[ Export-DattoBCDRModuleSettings ].[ Export-DattoBCDRModuleSettings ] contains at least one usage example" time="0.0066" asserts="0" success="True" result="Success" executed="True" />
                      <test-case description="[ Export-DattoBCDRModuleSettings ] contains a note" name="Testing the [ Built ] version of [ Celerium.DattoBCDR ] with [ HelpComment.Tests.ps1 ].[ Celerium.DattoBCDR ] module help tests.[ Export-DattoBCDRModuleSettings ].[ Export-DattoBCDRModuleSettings ] contains a note" time="0.0047" asserts="0" success="True" result="Success" executed="True" />
                      <test-case description="[ Export-DattoBCDRModuleSettings ] contains a link" name="Testing the [ Built ] version of [ Celerium.DattoBCDR ] with [ HelpComment.Tests.ps1 ].[ Celerium.DattoBCDR ] module help tests.[ Export-DattoBCDRModuleSettings ].[ Export-DattoBCDRModuleSettings ] contains a link" time="0.0047" asserts="0" success="True" result="Success" executed="True" />
                      <test-case description="[ Export-DattoBCDRModuleSettings ] link should return 200" name="Testing the [ Built ] version of [ Celerium.DattoBCDR ] with [ HelpComment.Tests.ps1 ].[ Celerium.DattoBCDR ] module help tests.[ Export-DattoBCDRModuleSettings ].[ Export-DattoBCDRModuleSettings ] link should return 200" time="0.0453" asserts="0" success="False" result="Failure" executed="True">
                        <failure>
                          <message>Expected '200', but got $null.</message>
                          <stack-trace>at $Link.StatusCode | Should -Be '200', C:\Celerium\Projects\_API\Celerium.DattoBCDR\tests\HelpComment.Tests.ps1:226
at &lt;ScriptBlock&gt;, C:\Celerium\Projects\_API\Celerium.DattoBCDR\tests\HelpComment.Tests.ps1:226</stack-trace>
                        </failure>
                      </test-case>
                      <test-suite type="ParameterizedTest" name="Testing the [ Built ] version of [ Celerium.DattoBCDR ] with [ HelpComment.Tests.ps1 ].[ Celerium.DattoBCDR ] module help tests.[ Export-DattoBCDRModuleSettings ].[ Export-DattoBCDRModuleSettings ] - Parameter has a description - [ &lt;_.name&gt; ]" executed="True" result="Success" success="True" time="0.0111" asserts="0" description="[ Export-DattoBCDRModuleSettings ] - Parameter has a description - [ &lt;_.name&gt; ]">
                        <results>
                          <test-case description="[ Export-DattoBCDRModuleSettings ] - Parameter has a description - [ DattoBCDRConfPath ]" name="Testing the [ Built ] version of [ Celerium.DattoBCDR ] with [ HelpComment.Tests.ps1 ].[ Celerium.DattoBCDR ] module help tests.[ Export-DattoBCDRModuleSettings ].[ Export-DattoBCDRModuleSettings ] - Parameter has a description - [ DattoBCDRConfPath ]" time="0.0055" asserts="0" success="True" result="Success" executed="True" />
                          <test-case description="[ Export-DattoBCDRModuleSettings ] - Parameter has a description - [ DattoBCDRConfFile ]" name="Testing the [ Built ] version of [ Celerium.DattoBCDR ] with [ HelpComment.Tests.ps1 ].[ Celerium.DattoBCDR ] module help tests.[ Export-DattoBCDRModuleSettings ].[ Export-DattoBCDRModuleSettings ] - Parameter has a description - [ DattoBCDRConfFile ]" time="0.0057" asserts="0" success="True" result="Success" executed="True" />
                        </results>
                      </test-suite>
                      <test-suite type="ParameterizedTest" name="Testing the [ Built ] version of [ Celerium.DattoBCDR ] with [ HelpComment.Tests.ps1 ].[ Celerium.DattoBCDR ] module help tests.[ Export-DattoBCDRModuleSettings ].[ Export-DattoBCDRModuleSettings ] - Example has example code &amp; description   - [ &lt;_.title -replace '-'.''&gt; ]" executed="True" result="Success" success="True" time="0.0172" asserts="0" description="[ Export-DattoBCDRModuleSettings ] - Example has example code &amp; description   - [ &lt;_.title -replace '-'.''&gt; ]">
                        <results>
                          <test-case description="[ Export-DattoBCDRModuleSettings ] - Example has example code &amp; description   - [  EXAMPLE 1  ]" name="Testing the [ Built ] version of [ Celerium.DattoBCDR ] with [ HelpComment.Tests.ps1 ].[ Celerium.DattoBCDR ] module help tests.[ Export-DattoBCDRModuleSettings ].[ Export-DattoBCDRModuleSettings ] - Example has example code &amp; description   - [  EXAMPLE 1  ]" time="0.01" asserts="0" success="True" result="Success" executed="True" />
                          <test-case description="[ Export-DattoBCDRModuleSettings ] - Example has example code &amp; description   - [  EXAMPLE 2  ]" name="Testing the [ Built ] version of [ Celerium.DattoBCDR ] with [ HelpComment.Tests.ps1 ].[ Celerium.DattoBCDR ] module help tests.[ Export-DattoBCDRModuleSettings ].[ Export-DattoBCDRModuleSettings ] - Example has example code &amp; description   - [  EXAMPLE 2  ]" time="0.0073" asserts="0" success="True" result="Success" executed="True" />
                        </results>
                      </test-suite>
                    </results>
                  </test-suite>
                </results>
              </test-suite>
              <test-suite type="TestFixture" name="Testing the [ Built ] version of [ Celerium.DattoBCDR ] with [ HelpComment.Tests.ps1 ].[ Celerium.DattoBCDR ] module help tests" executed="True" result="Failure" success="False" time="0.7402" asserts="0" description="Testing the [ Built ] version of [ Celerium.DattoBCDR ] with [ HelpComment.Tests.ps1 ].[ Celerium.DattoBCDR ] module help tests">
                <results>
                  <test-suite type="TestFixture" name="Testing the [ Built ] version of [ Celerium.DattoBCDR ] with [ HelpComment.Tests.ps1 ].[ Celerium.DattoBCDR ] module help tests.[ Get-DattoBCDRActivityLog ]" executed="True" result="Failure" success="False" time="0.182" asserts="0" description="Testing the [ Built ] version of [ Celerium.DattoBCDR ] with [ HelpComment.Tests.ps1 ].[ Celerium.DattoBCDR ] module help tests.[ Get-DattoBCDRActivityLog ]">
                    <results>
                      <test-case description="[ Get-DattoBCDRActivityLog ] contains comment based help" name="Testing the [ Built ] version of [ Celerium.DattoBCDR ] with [ HelpComment.Tests.ps1 ].[ Celerium.DattoBCDR ] module help tests.[ Get-DattoBCDRActivityLog ].[ Get-DattoBCDRActivityLog ] contains comment based help" time="0.0052" asserts="0" success="True" result="Success" executed="True" />
                      <test-case description="[ Get-DattoBCDRActivityLog ] contains a synopsis" name="Testing the [ Built ] version of [ Celerium.DattoBCDR ] with [ HelpComment.Tests.ps1 ].[ Celerium.DattoBCDR ] module help tests.[ Get-DattoBCDRActivityLog ].[ Get-DattoBCDRActivityLog ] contains a synopsis" time="0.0091" asserts="0" success="True" result="Success" executed="True" />
                      <test-case description="[ Get-DattoBCDRActivityLog ] contains a description" name="Testing the [ Built ] version of [ Celerium.DattoBCDR ] with [ HelpComment.Tests.ps1 ].[ Celerium.DattoBCDR ] module help tests.[ Get-DattoBCDRActivityLog ].[ Get-DattoBCDRActivityLog ] contains a description" time="0.0047" asserts="0" success="True" result="Success" executed="True" />
                      <test-case description="[ Get-DattoBCDRActivityLog ] contains at least one usage example" name="Testing the [ Built ] version of [ Celerium.DattoBCDR ] with [ HelpComment.Tests.ps1 ].[ Celerium.DattoBCDR ] module help tests.[ Get-DattoBCDRActivityLog ].[ Get-DattoBCDRActivityLog ] contains at least one usage example" time="0.0063" asserts="0" success="True" result="Success" executed="True" />
                      <test-case description="[ Get-DattoBCDRActivityLog ] contains a note" name="Testing the [ Built ] version of [ Celerium.DattoBCDR ] with [ HelpComment.Tests.ps1 ].[ Celerium.DattoBCDR ] module help tests.[ Get-DattoBCDRActivityLog ].[ Get-DattoBCDRActivityLog ] contains a note" time="0.0048" asserts="0" success="True" result="Success" executed="True" />
                      <test-case description="[ Get-DattoBCDRActivityLog ] contains a link" name="Testing the [ Built ] version of [ Celerium.DattoBCDR ] with [ HelpComment.Tests.ps1 ].[ Celerium.DattoBCDR ] module help tests.[ Get-DattoBCDRActivityLog ].[ Get-DattoBCDRActivityLog ] contains a link" time="0.0047" asserts="0" success="True" result="Success" executed="True" />
                      <test-case description="[ Get-DattoBCDRActivityLog ] link should return 200" name="Testing the [ Built ] version of [ Celerium.DattoBCDR ] with [ HelpComment.Tests.ps1 ].[ Celerium.DattoBCDR ] module help tests.[ Get-DattoBCDRActivityLog ].[ Get-DattoBCDRActivityLog ] link should return 200" time="0.0425" asserts="0" success="False" result="Failure" executed="True">
                        <failure>
                          <message>Expected '200', but got $null.</message>
                          <stack-trace>at $Link.StatusCode | Should -Be '200', C:\Celerium\Projects\_API\Celerium.DattoBCDR\tests\HelpComment.Tests.ps1:226
at &lt;ScriptBlock&gt;, C:\Celerium\Projects\_API\Celerium.DattoBCDR\tests\HelpComment.Tests.ps1:226</stack-trace>
                        </failure>
                      </test-case>
                      <test-suite type="ParameterizedTest" name="Testing the [ Built ] version of [ Celerium.DattoBCDR ] with [ HelpComment.Tests.ps1 ].[ Celerium.DattoBCDR ] module help tests.[ Get-DattoBCDRActivityLog ].[ Get-DattoBCDRActivityLog ] - Parameter has a description - [ &lt;_.name&gt; ]" executed="True" result="Success" success="True" time="0.0534" asserts="0" description="[ Get-DattoBCDRActivityLog ] - Parameter has a description - [ &lt;_.name&gt; ]">
                        <results>
                          <test-case description="[ Get-DattoBCDRActivityLog ] - Parameter has a description - [ ClientName ]" name="Testing the [ Built ] version of [ Celerium.DattoBCDR ] with [ HelpComment.Tests.ps1 ].[ Celerium.DattoBCDR ] module help tests.[ Get-DattoBCDRActivityLog ].[ Get-DattoBCDRActivityLog ] - Parameter has a description - [ ClientName ]" time="0.0058" asserts="0" success="True" result="Success" executed="True" />
                          <test-case description="[ Get-DattoBCDRActivityLog ] - Parameter has a description - [ Since ]" name="Testing the [ Built ] version of [ Celerium.DattoBCDR ] with [ HelpComment.Tests.ps1 ].[ Celerium.DattoBCDR ] module help tests.[ Get-DattoBCDRActivityLog ].[ Get-DattoBCDRActivityLog ] - Parameter has a description - [ Since ]" time="0.0051" asserts="0" success="True" result="Success" executed="True" />
                          <test-case description="[ Get-DattoBCDRActivityLog ] - Parameter has a description - [ SinceUnits ]" name="Testing the [ Built ] version of [ Celerium.DattoBCDR ] with [ HelpComment.Tests.ps1 ].[ Celerium.DattoBCDR ] module help tests.[ Get-DattoBCDRActivityLog ].[ Get-DattoBCDRActivityLog ] - Parameter has a description - [ SinceUnits ]" time="0.0055" asserts="0" success="True" result="Success" executed="True" />
                          <test-case description="[ Get-DattoBCDRActivityLog ] - Parameter has a description - [ Target ]" name="Testing the [ Built ] version of [ Celerium.DattoBCDR ] with [ HelpComment.Tests.ps1 ].[ Celerium.DattoBCDR ] module help tests.[ Get-DattoBCDRActivityLog ].[ Get-DattoBCDRActivityLog ] - Parameter has a description - [ Target ]" time="0.0062" asserts="0" success="True" result="Success" executed="True" />
                          <test-case description="[ Get-DattoBCDRActivityLog ] - Parameter has a description - [ TargetType ]" name="Testing the [ Built ] version of [ Celerium.DattoBCDR ] with [ HelpComment.Tests.ps1 ].[ Celerium.DattoBCDR ] module help tests.[ Get-DattoBCDRActivityLog ].[ Get-DattoBCDRActivityLog ] - Parameter has a description - [ TargetType ]" time="0.0053" asserts="0" success="True" result="Success" executed="True" />
                          <test-case description="[ Get-DattoBCDRActivityLog ] - Parameter has a description - [ User ]" name="Testing the [ Built ] version of [ Celerium.DattoBCDR ] with [ HelpComment.Tests.ps1 ].[ Celerium.DattoBCDR ] module help tests.[ Get-DattoBCDRActivityLog ].[ Get-DattoBCDRActivityLog ] - Parameter has a description - [ User ]" time="0.0094" asserts="0" success="True" result="Success" executed="True" />
                          <test-case description="[ Get-DattoBCDRActivityLog ] - Parameter has a description - [ Page ]" name="Testing the [ Built ] version of [ Celerium.DattoBCDR ] with [ HelpComment.Tests.ps1 ].[ Celerium.DattoBCDR ] module help tests.[ Get-DattoBCDRActivityLog ].[ Get-DattoBCDRActivityLog ] - Parameter has a description - [ Page ]" time="0.0052" asserts="0" success="True" result="Success" executed="True" />
                          <test-case description="[ Get-DattoBCDRActivityLog ] - Parameter has a description - [ PerPage ]" name="Testing the [ Built ] version of [ Celerium.DattoBCDR ] with [ HelpComment.Tests.ps1 ].[ Celerium.DattoBCDR ] module help tests.[ Get-DattoBCDRActivityLog ].[ Get-DattoBCDRActivityLog ] - Parameter has a description - [ PerPage ]" time="0.0056" asserts="0" success="True" result="Success" executed="True" />
                          <test-case description="[ Get-DattoBCDRActivityLog ] - Parameter has a description - [ AllResults ]" name="Testing the [ Built ] version of [ Celerium.DattoBCDR ] with [ HelpComment.Tests.ps1 ].[ Celerium.DattoBCDR ] module help tests.[ Get-DattoBCDRActivityLog ].[ Get-DattoBCDRActivityLog ] - Parameter has a description - [ AllResults ]" time="0.0053" asserts="0" success="True" result="Success" executed="True" />
                        </results>
                      </test-suite>
                      <test-suite type="ParameterizedTest" name="Testing the [ Built ] version of [ Celerium.DattoBCDR ] with [ HelpComment.Tests.ps1 ].[ Celerium.DattoBCDR ] module help tests.[ Get-DattoBCDRActivityLog ].[ Get-DattoBCDRActivityLog ] - Example has example code &amp; description   - [ &lt;_.title -replace '-'.''&gt; ]" executed="True" result="Success" success="True" time="0.0373" asserts="0" description="[ Get-DattoBCDRActivityLog ] - Example has example code &amp; description   - [ &lt;_.title -replace '-'.''&gt; ]">
                        <results>
                          <test-case description="[ Get-DattoBCDRActivityLog ] - Example has example code &amp; description   - [  EXAMPLE 1  ]" name="Testing the [ Built ] version of [ Celerium.DattoBCDR ] with [ HelpComment.Tests.ps1 ].[ Celerium.DattoBCDR ] module help tests.[ Get-DattoBCDRActivityLog ].[ Get-DattoBCDRActivityLog ] - Example has example code &amp; description   - [  EXAMPLE 1  ]" time="0.0064" asserts="0" success="True" result="Success" executed="True" />
                          <test-case description="[ Get-DattoBCDRActivityLog ] - Example has example code &amp; description   - [  EXAMPLE 2  ]" name="Testing the [ Built ] version of [ Celerium.DattoBCDR ] with [ HelpComment.Tests.ps1 ].[ Celerium.DattoBCDR ] module help tests.[ Get-DattoBCDRActivityLog ].[ Get-DattoBCDRActivityLog ] - Example has example code &amp; description   - [  EXAMPLE 2  ]" time="0.0115" asserts="0" success="True" result="Success" executed="True" />
                          <test-case description="[ Get-DattoBCDRActivityLog ] - Example has example code &amp; description   - [  EXAMPLE 3  ]" name="Testing the [ Built ] version of [ Celerium.DattoBCDR ] with [ HelpComment.Tests.ps1 ].[ Celerium.DattoBCDR ] module help tests.[ Get-DattoBCDRActivityLog ].[ Get-DattoBCDRActivityLog ] - Example has example code &amp; description   - [  EXAMPLE 3  ]" time="0.0065" asserts="0" success="True" result="Success" executed="True" />
                          <test-case description="[ Get-DattoBCDRActivityLog ] - Example has example code &amp; description   - [  EXAMPLE 4  ]" name="Testing the [ Built ] version of [ Celerium.DattoBCDR ] with [ HelpComment.Tests.ps1 ].[ Celerium.DattoBCDR ] module help tests.[ Get-DattoBCDRActivityLog ].[ Get-DattoBCDRActivityLog ] - Example has example code &amp; description   - [  EXAMPLE 4  ]" time="0.0066" asserts="0" success="True" result="Success" executed="True" />
                          <test-case description="[ Get-DattoBCDRActivityLog ] - Example has example code &amp; description   - [  EXAMPLE 5  ]" name="Testing the [ Built ] version of [ Celerium.DattoBCDR ] with [ HelpComment.Tests.ps1 ].[ Celerium.DattoBCDR ] module help tests.[ Get-DattoBCDRActivityLog ].[ Get-DattoBCDRActivityLog ] - Example has example code &amp; description   - [  EXAMPLE 5  ]" time="0.0062" asserts="0" success="True" result="Success" executed="True" />
                        </results>
                      </test-suite>
                    </results>
                  </test-suite>
                </results>
              </test-suite>
              <test-suite type="TestFixture" name="Testing the [ Built ] version of [ Celerium.DattoBCDR ] with [ HelpComment.Tests.ps1 ].[ Celerium.DattoBCDR ] module help tests" executed="True" result="Failure" success="False" time="0.8819" asserts="0" description="Testing the [ Built ] version of [ Celerium.DattoBCDR ] with [ HelpComment.Tests.ps1 ].[ Celerium.DattoBCDR ] module help tests">
                <results>
                  <test-suite type="TestFixture" name="Testing the [ Built ] version of [ Celerium.DattoBCDR ] with [ HelpComment.Tests.ps1 ].[ Celerium.DattoBCDR ] module help tests.[ Get-DattoBCDRAgent ]" executed="True" result="Failure" success="False" time="0.1338" asserts="0" description="Testing the [ Built ] version of [ Celerium.DattoBCDR ] with [ HelpComment.Tests.ps1 ].[ Celerium.DattoBCDR ] module help tests.[ Get-DattoBCDRAgent ]">
                    <results>
                      <test-case description="[ Get-DattoBCDRAgent ] contains comment based help" name="Testing the [ Built ] version of [ Celerium.DattoBCDR ] with [ HelpComment.Tests.ps1 ].[ Celerium.DattoBCDR ] module help tests.[ Get-DattoBCDRAgent ].[ Get-DattoBCDRAgent ] contains comment based help" time="0.0052" asserts="0" success="True" result="Success" executed="True" />
                      <test-case description="[ Get-DattoBCDRAgent ] contains a synopsis" name="Testing the [ Built ] version of [ Celerium.DattoBCDR ] with [ HelpComment.Tests.ps1 ].[ Celerium.DattoBCDR ] module help tests.[ Get-DattoBCDRAgent ].[ Get-DattoBCDRAgent ] contains a synopsis" time="0.0046" asserts="0" success="True" result="Success" executed="True" />
                      <test-case description="[ Get-DattoBCDRAgent ] contains a description" name="Testing the [ Built ] version of [ Celerium.DattoBCDR ] with [ HelpComment.Tests.ps1 ].[ Celerium.DattoBCDR ] module help tests.[ Get-DattoBCDRAgent ].[ Get-DattoBCDRAgent ] contains a description" time="0.0047" asserts="0" success="True" result="Success" executed="True" />
                      <test-case description="[ Get-DattoBCDRAgent ] contains at least one usage example" name="Testing the [ Built ] version of [ Celerium.DattoBCDR ] with [ HelpComment.Tests.ps1 ].[ Celerium.DattoBCDR ] module help tests.[ Get-DattoBCDRAgent ].[ Get-DattoBCDRAgent ] contains at least one usage example" time="0.0099" asserts="0" success="True" result="Success" executed="True" />
                      <test-case description="[ Get-DattoBCDRAgent ] contains a note" name="Testing the [ Built ] version of [ Celerium.DattoBCDR ] with [ HelpComment.Tests.ps1 ].[ Celerium.DattoBCDR ] module help tests.[ Get-DattoBCDRAgent ].[ Get-DattoBCDRAgent ] contains a note" time="0.0048" asserts="0" success="True" result="Success" executed="True" />
                      <test-case description="[ Get-DattoBCDRAgent ] contains a link" name="Testing the [ Built ] version of [ Celerium.DattoBCDR ] with [ HelpComment.Tests.ps1 ].[ Celerium.DattoBCDR ] module help tests.[ Get-DattoBCDRAgent ].[ Get-DattoBCDRAgent ] contains a link" time="0.0048" asserts="0" success="True" result="Success" executed="True" />
                      <test-case description="[ Get-DattoBCDRAgent ] link should return 200" name="Testing the [ Built ] version of [ Celerium.DattoBCDR ] with [ HelpComment.Tests.ps1 ].[ Celerium.DattoBCDR ] module help tests.[ Get-DattoBCDRAgent ].[ Get-DattoBCDRAgent ] link should return 200" time="0.0395" asserts="0" success="False" result="Failure" executed="True">
                        <failure>
                          <message>Expected '200', but got $null.</message>
                          <stack-trace>at $Link.StatusCode | Should -Be '200', C:\Celerium\Projects\_API\Celerium.DattoBCDR\tests\HelpComment.Tests.ps1:226
at &lt;ScriptBlock&gt;, C:\Celerium\Projects\_API\Celerium.DattoBCDR\tests\HelpComment.Tests.ps1:226</stack-trace>
                        </failure>
                      </test-case>
                      <test-suite type="ParameterizedTest" name="Testing the [ Built ] version of [ Celerium.DattoBCDR ] with [ HelpComment.Tests.ps1 ].[ Celerium.DattoBCDR ] module help tests.[ Get-DattoBCDRAgent ].[ Get-DattoBCDRAgent ] - Parameter has a description - [ &lt;_.name&gt; ]" executed="True" result="Success" success="True" time="0.0251" asserts="0" description="[ Get-DattoBCDRAgent ] - Parameter has a description - [ &lt;_.name&gt; ]">
                        <results>
                          <test-case description="[ Get-DattoBCDRAgent ] - Parameter has a description - [ SerialNumber ]" name="Testing the [ Built ] version of [ Celerium.DattoBCDR ] with [ HelpComment.Tests.ps1 ].[ Celerium.DattoBCDR ] module help tests.[ Get-DattoBCDRAgent ].[ Get-DattoBCDRAgent ] - Parameter has a description - [ SerialNumber ]" time="0.0085" asserts="0" success="True" result="Success" executed="True" />
                          <test-case description="[ Get-DattoBCDRAgent ] - Parameter has a description - [ Page ]" name="Testing the [ Built ] version of [ Celerium.DattoBCDR ] with [ HelpComment.Tests.ps1 ].[ Celerium.DattoBCDR ] module help tests.[ Get-DattoBCDRAgent ].[ Get-DattoBCDRAgent ] - Parameter has a description - [ Page ]" time="0.0058" asserts="0" success="True" result="Success" executed="True" />
                          <test-case description="[ Get-DattoBCDRAgent ] - Parameter has a description - [ PerPage ]" name="Testing the [ Built ] version of [ Celerium.DattoBCDR ] with [ HelpComment.Tests.ps1 ].[ Celerium.DattoBCDR ] module help tests.[ Get-DattoBCDRAgent ].[ Get-DattoBCDRAgent ] - Parameter has a description - [ PerPage ]" time="0.0053" asserts="0" success="True" result="Success" executed="True" />
                          <test-case description="[ Get-DattoBCDRAgent ] - Parameter has a description - [ AllResults ]" name="Testing the [ Built ] version of [ Celerium.DattoBCDR ] with [ HelpComment.Tests.ps1 ].[ Celerium.DattoBCDR ] module help tests.[ Get-DattoBCDRAgent ].[ Get-DattoBCDRAgent ] - Parameter has a description - [ AllResults ]" time="0.0055" asserts="0" success="True" result="Success" executed="True" />
                        </results>
                      </test-suite>
                      <test-suite type="ParameterizedTest" name="Testing the [ Built ] version of [ Celerium.DattoBCDR ] with [ HelpComment.Tests.ps1 ].[ Celerium.DattoBCDR ] module help tests.[ Get-DattoBCDRAgent ].[ Get-DattoBCDRAgent ] - Example has example code &amp; description   - [ &lt;_.title -replace '-'.''&gt; ]" executed="True" result="Success" success="True" time="0.0241" asserts="0" description="[ Get-DattoBCDRAgent ] - Example has example code &amp; description   - [ &lt;_.title -replace '-'.''&gt; ]">
                        <results>
                          <test-case description="[ Get-DattoBCDRAgent ] - Example has example code &amp; description   - [  EXAMPLE 1  ]" name="Testing the [ Built ] version of [ Celerium.DattoBCDR ] with [ HelpComment.Tests.ps1 ].[ Celerium.DattoBCDR ] module help tests.[ Get-DattoBCDRAgent ].[ Get-DattoBCDRAgent ] - Example has example code &amp; description   - [  EXAMPLE 1  ]" time="0.0072" asserts="0" success="True" result="Success" executed="True" />
                          <test-case description="[ Get-DattoBCDRAgent ] - Example has example code &amp; description   - [  EXAMPLE 2  ]" name="Testing the [ Built ] version of [ Celerium.DattoBCDR ] with [ HelpComment.Tests.ps1 ].[ Celerium.DattoBCDR ] module help tests.[ Get-DattoBCDRAgent ].[ Get-DattoBCDRAgent ] - Example has example code &amp; description   - [  EXAMPLE 2  ]" time="0.0104" asserts="0" success="True" result="Success" executed="True" />
                          <test-case description="[ Get-DattoBCDRAgent ] - Example has example code &amp; description   - [  EXAMPLE 3  ]" name="Testing the [ Built ] version of [ Celerium.DattoBCDR ] with [ HelpComment.Tests.ps1 ].[ Celerium.DattoBCDR ] module help tests.[ Get-DattoBCDRAgent ].[ Get-DattoBCDRAgent ] - Example has example code &amp; description   - [  EXAMPLE 3  ]" time="0.0065" asserts="0" success="True" result="Success" executed="True" />
                        </results>
                      </test-suite>
                    </results>
                  </test-suite>
                </results>
              </test-suite>
              <test-suite type="TestFixture" name="Testing the [ Built ] version of [ Celerium.DattoBCDR ] with [ HelpComment.Tests.ps1 ].[ Celerium.DattoBCDR ] module help tests" executed="True" result="Failure" success="False" time="1.0164" asserts="0" description="Testing the [ Built ] version of [ Celerium.DattoBCDR ] with [ HelpComment.Tests.ps1 ].[ Celerium.DattoBCDR ] module help tests">
                <results>
                  <test-suite type="TestFixture" name="Testing the [ Built ] version of [ Celerium.DattoBCDR ] with [ HelpComment.Tests.ps1 ].[ Celerium.DattoBCDR ] module help tests.[ Get-DattoBCDRAlert ]" executed="True" result="Failure" success="False" time="0.1262" asserts="0" description="Testing the [ Built ] version of [ Celerium.DattoBCDR ] with [ HelpComment.Tests.ps1 ].[ Celerium.DattoBCDR ] module help tests.[ Get-DattoBCDRAlert ]">
                    <results>
                      <test-case description="[ Get-DattoBCDRAlert ] contains comment based help" name="Testing the [ Built ] version of [ Celerium.DattoBCDR ] with [ HelpComment.Tests.ps1 ].[ Celerium.DattoBCDR ] module help tests.[ Get-DattoBCDRAlert ].[ Get-DattoBCDRAlert ] contains comment based help" time="0.0087" asserts="0" success="True" result="Success" executed="True" />
                      <test-case description="[ Get-DattoBCDRAlert ] contains a synopsis" name="Testing the [ Built ] version of [ Celerium.DattoBCDR ] with [ HelpComment.Tests.ps1 ].[ Celerium.DattoBCDR ] module help tests.[ Get-DattoBCDRAlert ].[ Get-DattoBCDRAlert ] contains a synopsis" time="0.005" asserts="0" success="True" result="Success" executed="True" />
                      <test-case description="[ Get-DattoBCDRAlert ] contains a description" name="Testing the [ Built ] version of [ Celerium.DattoBCDR ] with [ HelpComment.Tests.ps1 ].[ Celerium.DattoBCDR ] module help tests.[ Get-DattoBCDRAlert ].[ Get-DattoBCDRAlert ] contains a description" time="0.0047" asserts="0" success="True" result="Success" executed="True" />
                      <test-case description="[ Get-DattoBCDRAlert ] contains at least one usage example" name="Testing the [ Built ] version of [ Celerium.DattoBCDR ] with [ HelpComment.Tests.ps1 ].[ Celerium.DattoBCDR ] module help tests.[ Get-DattoBCDRAlert ].[ Get-DattoBCDRAlert ] contains at least one usage example" time="0.0061" asserts="0" success="True" result="Success" executed="True" />
                      <test-case description="[ Get-DattoBCDRAlert ] contains a note" name="Testing the [ Built ] version of [ Celerium.DattoBCDR ] with [ HelpComment.Tests.ps1 ].[ Celerium.DattoBCDR ] module help tests.[ Get-DattoBCDRAlert ].[ Get-DattoBCDRAlert ] contains a note" time="0.0048" asserts="0" success="True" result="Success" executed="True" />
                      <test-case description="[ Get-DattoBCDRAlert ] contains a link" name="Testing the [ Built ] version of [ Celerium.DattoBCDR ] with [ HelpComment.Tests.ps1 ].[ Celerium.DattoBCDR ] module help tests.[ Get-DattoBCDRAlert ].[ Get-DattoBCDRAlert ] contains a link" time="0.0046" asserts="0" success="True" result="Success" executed="True" />
                      <test-case description="[ Get-DattoBCDRAlert ] link should return 200" name="Testing the [ Built ] version of [ Celerium.DattoBCDR ] with [ HelpComment.Tests.ps1 ].[ Celerium.DattoBCDR ] module help tests.[ Get-DattoBCDRAlert ].[ Get-DattoBCDRAlert ] link should return 200" time="0.0432" asserts="0" success="False" result="Failure" executed="True">
                        <failure>
                          <message>Expected '200', but got $null.</message>
                          <stack-trace>at $Link.StatusCode | Should -Be '200', C:\Celerium\Projects\_API\Celerium.DattoBCDR\tests\HelpComment.Tests.ps1:226
at &lt;ScriptBlock&gt;, C:\Celerium\Projects\_API\Celerium.DattoBCDR\tests\HelpComment.Tests.ps1:226</stack-trace>
                        </failure>
                      </test-case>
                      <test-suite type="ParameterizedTest" name="Testing the [ Built ] version of [ Celerium.DattoBCDR ] with [ HelpComment.Tests.ps1 ].[ Celerium.DattoBCDR ] module help tests.[ Get-DattoBCDRAlert ].[ Get-DattoBCDRAlert ] - Parameter has a description - [ &lt;_.name&gt; ]" executed="True" result="Success" success="True" time="0.0243" asserts="0" description="[ Get-DattoBCDRAlert ] - Parameter has a description - [ &lt;_.name&gt; ]">
                        <results>
                          <test-case description="[ Get-DattoBCDRAlert ] - Parameter has a description - [ SerialNumber ]" name="Testing the [ Built ] version of [ Celerium.DattoBCDR ] with [ HelpComment.Tests.ps1 ].[ Celerium.DattoBCDR ] module help tests.[ Get-DattoBCDRAlert ].[ Get-DattoBCDRAlert ] - Parameter has a description - [ SerialNumber ]" time="0.0053" asserts="0" success="True" result="Success" executed="True" />
                          <test-case description="[ Get-DattoBCDRAlert ] - Parameter has a description - [ Page ]" name="Testing the [ Built ] version of [ Celerium.DattoBCDR ] with [ HelpComment.Tests.ps1 ].[ Celerium.DattoBCDR ] module help tests.[ Get-DattoBCDRAlert ].[ Get-DattoBCDRAlert ] - Parameter has a description - [ Page ]" time="0.0049" asserts="0" success="True" result="Success" executed="True" />
                          <test-case description="[ Get-DattoBCDRAlert ] - Parameter has a description - [ PerPage ]" name="Testing the [ Built ] version of [ Celerium.DattoBCDR ] with [ HelpComment.Tests.ps1 ].[ Celerium.DattoBCDR ] module help tests.[ Get-DattoBCDRAlert ].[ Get-DattoBCDRAlert ] - Parameter has a description - [ PerPage ]" time="0.0053" asserts="0" success="True" result="Success" executed="True" />
                          <test-case description="[ Get-DattoBCDRAlert ] - Parameter has a description - [ AllResults ]" name="Testing the [ Built ] version of [ Celerium.DattoBCDR ] with [ HelpComment.Tests.ps1 ].[ Celerium.DattoBCDR ] module help tests.[ Get-DattoBCDRAlert ].[ Get-DattoBCDRAlert ] - Parameter has a description - [ AllResults ]" time="0.0088" asserts="0" success="True" result="Success" executed="True" />
                        </results>
                      </test-suite>
                      <test-suite type="ParameterizedTest" name="Testing the [ Built ] version of [ Celerium.DattoBCDR ] with [ HelpComment.Tests.ps1 ].[ Celerium.DattoBCDR ] module help tests.[ Get-DattoBCDRAlert ].[ Get-DattoBCDRAlert ] - Example has example code &amp; description   - [ &lt;_.title -replace '-'.''&gt; ]" executed="True" result="Success" success="True" time="0.0137" asserts="0" description="[ Get-DattoBCDRAlert ] - Example has example code &amp; description   - [ &lt;_.title -replace '-'.''&gt; ]">
                        <results>
                          <test-case description="[ Get-DattoBCDRAlert ] - Example has example code &amp; description   - [  EXAMPLE 1  ]" name="Testing the [ Built ] version of [ Celerium.DattoBCDR ] with [ HelpComment.Tests.ps1 ].[ Celerium.DattoBCDR ] module help tests.[ Get-DattoBCDRAlert ].[ Get-DattoBCDRAlert ] - Example has example code &amp; description   - [  EXAMPLE 1  ]" time="0.0067" asserts="0" success="True" result="Success" executed="True" />
                          <test-case description="[ Get-DattoBCDRAlert ] - Example has example code &amp; description   - [  EXAMPLE 2  ]" name="Testing the [ Built ] version of [ Celerium.DattoBCDR ] with [ HelpComment.Tests.ps1 ].[ Celerium.DattoBCDR ] module help tests.[ Get-DattoBCDRAlert ].[ Get-DattoBCDRAlert ] - Example has example code &amp; description   - [  EXAMPLE 2  ]" time="0.0071" asserts="0" success="True" result="Success" executed="True" />
                        </results>
                      </test-suite>
                    </results>
                  </test-suite>
                </results>
              </test-suite>
              <test-suite type="TestFixture" name="Testing the [ Built ] version of [ Celerium.DattoBCDR ] with [ HelpComment.Tests.ps1 ].[ Celerium.DattoBCDR ] module help tests" executed="True" result="Failure" success="False" time="1.1375" asserts="0" description="Testing the [ Built ] version of [ Celerium.DattoBCDR ] with [ HelpComment.Tests.ps1 ].[ Celerium.DattoBCDR ] module help tests">
                <results>
                  <test-suite type="TestFixture" name="Testing the [ Built ] version of [ Celerium.DattoBCDR ] with [ HelpComment.Tests.ps1 ].[ Celerium.DattoBCDR ] module help tests.[ Get-DattoBCDRAPIKey ]" executed="True" result="Failure" success="False" time="0.1103" asserts="0" description="Testing the [ Built ] version of [ Celerium.DattoBCDR ] with [ HelpComment.Tests.ps1 ].[ Celerium.DattoBCDR ] module help tests.[ Get-DattoBCDRAPIKey ]">
                    <results>
                      <test-case description="[ Get-DattoBCDRAPIKey ] contains comment based help" name="Testing the [ Built ] version of [ Celerium.DattoBCDR ] with [ HelpComment.Tests.ps1 ].[ Celerium.DattoBCDR ] module help tests.[ Get-DattoBCDRAPIKey ].[ Get-DattoBCDRAPIKey ] contains comment based help" time="0.0053" asserts="0" success="True" result="Success" executed="True" />
                      <test-case description="[ Get-DattoBCDRAPIKey ] contains a synopsis" name="Testing the [ Built ] version of [ Celerium.DattoBCDR ] with [ HelpComment.Tests.ps1 ].[ Celerium.DattoBCDR ] module help tests.[ Get-DattoBCDRAPIKey ].[ Get-DattoBCDRAPIKey ] contains a synopsis" time="0.005" asserts="0" success="True" result="Success" executed="True" />
                      <test-case description="[ Get-DattoBCDRAPIKey ] contains a description" name="Testing the [ Built ] version of [ Celerium.DattoBCDR ] with [ HelpComment.Tests.ps1 ].[ Celerium.DattoBCDR ] module help tests.[ Get-DattoBCDRAPIKey ].[ Get-DattoBCDRAPIKey ] contains a description" time="0.0048" asserts="0" success="True" result="Success" executed="True" />
                      <test-case description="[ Get-DattoBCDRAPIKey ] contains at least one usage example" name="Testing the [ Built ] version of [ Celerium.DattoBCDR ] with [ HelpComment.Tests.ps1 ].[ Celerium.DattoBCDR ] module help tests.[ Get-DattoBCDRAPIKey ].[ Get-DattoBCDRAPIKey ] contains at least one usage example" time="0.0064" asserts="0" success="True" result="Success" executed="True" />
                      <test-case description="[ Get-DattoBCDRAPIKey ] contains a note" name="Testing the [ Built ] version of [ Celerium.DattoBCDR ] with [ HelpComment.Tests.ps1 ].[ Celerium.DattoBCDR ] module help tests.[ Get-DattoBCDRAPIKey ].[ Get-DattoBCDRAPIKey ] contains a note" time="0.0084" asserts="0" success="True" result="Success" executed="True" />
                      <test-case description="[ Get-DattoBCDRAPIKey ] contains a link" name="Testing the [ Built ] version of [ Celerium.DattoBCDR ] with [ HelpComment.Tests.ps1 ].[ Celerium.DattoBCDR ] module help tests.[ Get-DattoBCDRAPIKey ].[ Get-DattoBCDRAPIKey ] contains a link" time="0.0048" asserts="0" success="True" result="Success" executed="True" />
                      <test-case description="[ Get-DattoBCDRAPIKey ] link should return 200" name="Testing the [ Built ] version of [ Celerium.DattoBCDR ] with [ HelpComment.Tests.ps1 ].[ Celerium.DattoBCDR ] module help tests.[ Get-DattoBCDRAPIKey ].[ Get-DattoBCDRAPIKey ] link should return 200" time="0.0409" asserts="0" success="False" result="Failure" executed="True">
                        <failure>
                          <message>Expected '200', but got $null.</message>
                          <stack-trace>at $Link.StatusCode | Should -Be '200', C:\Celerium\Projects\_API\Celerium.DattoBCDR\tests\HelpComment.Tests.ps1:226
at &lt;ScriptBlock&gt;, C:\Celerium\Projects\_API\Celerium.DattoBCDR\tests\HelpComment.Tests.ps1:226</stack-trace>
                        </failure>
                      </test-case>
                      <test-suite type="ParameterizedTest" name="Testing the [ Built ] version of [ Celerium.DattoBCDR ] with [ HelpComment.Tests.ps1 ].[ Celerium.DattoBCDR ] module help tests.[ Get-DattoBCDRAPIKey ].[ Get-DattoBCDRAPIKey ] - Parameter has a description - [ &lt;_.name&gt; ]" executed="True" result="Success" success="True" time="0.0056" asserts="0" description="[ Get-DattoBCDRAPIKey ] - Parameter has a description - [ &lt;_.name&gt; ]">
                        <results>
                          <test-case description="[ Get-DattoBCDRAPIKey ] - Parameter has a description - [ AsPlainText ]" name="Testing the [ Built ] version of [ Celerium.DattoBCDR ] with [ HelpComment.Tests.ps1 ].[ Celerium.DattoBCDR ] module help tests.[ Get-DattoBCDRAPIKey ].[ Get-DattoBCDRAPIKey ] - Parameter has a description - [ AsPlainText ]" time="0.0056" asserts="0" success="True" result="Success" executed="True" />
                        </results>
                      </test-suite>
                      <test-suite type="ParameterizedTest" name="Testing the [ Built ] version of [ Celerium.DattoBCDR ] with [ HelpComment.Tests.ps1 ].[ Celerium.DattoBCDR ] module help tests.[ Get-DattoBCDRAPIKey ].[ Get-DattoBCDRAPIKey ] - Example has example code &amp; description   - [ &lt;_.title -replace '-'.''&gt; ]" executed="True" result="Success" success="True" time="0.0181" asserts="0" description="[ Get-DattoBCDRAPIKey ] - Example has example code &amp; description   - [ &lt;_.title -replace '-'.''&gt; ]">
                        <results>
                          <test-case description="[ Get-DattoBCDRAPIKey ] - Example has example code &amp; description   - [  EXAMPLE 1  ]" name="Testing the [ Built ] version of [ Celerium.DattoBCDR ] with [ HelpComment.Tests.ps1 ].[ Celerium.DattoBCDR ] module help tests.[ Get-DattoBCDRAPIKey ].[ Get-DattoBCDRAPIKey ] - Example has example code &amp; description   - [  EXAMPLE 1  ]" time="0.0112" asserts="0" success="True" result="Success" executed="True" />
                          <test-case description="[ Get-DattoBCDRAPIKey ] - Example has example code &amp; description   - [  EXAMPLE 2  ]" name="Testing the [ Built ] version of [ Celerium.DattoBCDR ] with [ HelpComment.Tests.ps1 ].[ Celerium.DattoBCDR ] module help tests.[ Get-DattoBCDRAPIKey ].[ Get-DattoBCDRAPIKey ] - Example has example code &amp; description   - [  EXAMPLE 2  ]" time="0.0069" asserts="0" success="True" result="Success" executed="True" />
                        </results>
                      </test-suite>
                    </results>
                  </test-suite>
                </results>
              </test-suite>
              <test-suite type="TestFixture" name="Testing the [ Built ] version of [ Celerium.DattoBCDR ] with [ HelpComment.Tests.ps1 ].[ Celerium.DattoBCDR ] module help tests" executed="True" result="Failure" success="False" time="1.2713" asserts="0" description="Testing the [ Built ] version of [ Celerium.DattoBCDR ] with [ HelpComment.Tests.ps1 ].[ Celerium.DattoBCDR ] module help tests">
                <results>
                  <test-suite type="TestFixture" name="Testing the [ Built ] version of [ Celerium.DattoBCDR ] with [ HelpComment.Tests.ps1 ].[ Celerium.DattoBCDR ] module help tests.[ Get-DattoBCDRApplication ]" executed="True" result="Failure" success="False" time="0.1255" asserts="0" description="Testing the [ Built ] version of [ Celerium.DattoBCDR ] with [ HelpComment.Tests.ps1 ].[ Celerium.DattoBCDR ] module help tests.[ Get-DattoBCDRApplication ]">
                    <results>
                      <test-case description="[ Get-DattoBCDRApplication ] contains comment based help" name="Testing the [ Built ] version of [ Celerium.DattoBCDR ] with [ HelpComment.Tests.ps1 ].[ Celerium.DattoBCDR ] module help tests.[ Get-DattoBCDRApplication ].[ Get-DattoBCDRApplication ] contains comment based help" time="0.0092" asserts="0" success="True" result="Success" executed="True" />
                      <test-case description="[ Get-DattoBCDRApplication ] contains a synopsis" name="Testing the [ Built ] version of [ Celerium.DattoBCDR ] with [ HelpComment.Tests.ps1 ].[ Celerium.DattoBCDR ] module help tests.[ Get-DattoBCDRApplication ].[ Get-DattoBCDRApplication ] contains a synopsis" time="0.0048" asserts="0" success="True" result="Success" executed="True" />
                      <test-case description="[ Get-DattoBCDRApplication ] contains a description" name="Testing the [ Built ] version of [ Celerium.DattoBCDR ] with [ HelpComment.Tests.ps1 ].[ Celerium.DattoBCDR ] module help tests.[ Get-DattoBCDRApplication ].[ Get-DattoBCDRApplication ] contains a description" time="0.0046" asserts="0" success="True" result="Success" executed="True" />
                      <test-case description="[ Get-DattoBCDRApplication ] contains at least one usage example" name="Testing the [ Built ] version of [ Celerium.DattoBCDR ] with [ HelpComment.Tests.ps1 ].[ Celerium.DattoBCDR ] module help tests.[ Get-DattoBCDRApplication ].[ Get-DattoBCDRApplication ] contains at least one usage example" time="0.0062" asserts="0" success="True" result="Success" executed="True" />
                      <test-case description="[ Get-DattoBCDRApplication ] contains a note" name="Testing the [ Built ] version of [ Celerium.DattoBCDR ] with [ HelpComment.Tests.ps1 ].[ Celerium.DattoBCDR ] module help tests.[ Get-DattoBCDRApplication ].[ Get-DattoBCDRApplication ] contains a note" time="0.0046" asserts="0" success="True" result="Success" executed="True" />
                      <test-case description="[ Get-DattoBCDRApplication ] contains a link" name="Testing the [ Built ] version of [ Celerium.DattoBCDR ] with [ HelpComment.Tests.ps1 ].[ Celerium.DattoBCDR ] module help tests.[ Get-DattoBCDRApplication ].[ Get-DattoBCDRApplication ] contains a link" time="0.0045" asserts="0" success="True" result="Success" executed="True" />
                      <test-case description="[ Get-DattoBCDRApplication ] link should return 200" name="Testing the [ Built ] version of [ Celerium.DattoBCDR ] with [ HelpComment.Tests.ps1 ].[ Celerium.DattoBCDR ] module help tests.[ Get-DattoBCDRApplication ].[ Get-DattoBCDRApplication ] link should return 200" time="0.0521" asserts="0" success="False" result="Failure" executed="True">
                        <failure>
                          <message>Expected '200', but got $null.</message>
                          <stack-trace>at $Link.StatusCode | Should -Be '200', C:\Celerium\Projects\_API\Celerium.DattoBCDR\tests\HelpComment.Tests.ps1:226
at &lt;ScriptBlock&gt;, C:\Celerium\Projects\_API\Celerium.DattoBCDR\tests\HelpComment.Tests.ps1:226</stack-trace>
                        </failure>
                      </test-case>
[...]
        <results>
          <test-suite type="TestFixture" name="Testing [ Add-DattoBaseURI ] functions with [ Add-DattoBaseURI.Tests.ps1 ]" executed="True" result="Success" success="True" time="0.0741" asserts="0" description="Testing [ Add-DattoBaseURI ] functions with [ Add-DattoBaseURI.Tests.ps1 ]">
            <results>
              <test-suite type="TestFixture" name="Testing [ Add-DattoBaseURI ] functions with [ Add-DattoBaseURI.Tests.ps1 ].[ Add-DattoBaseURI ] testing functions" executed="True" result="Success" success="True" time="0.0665" asserts="0" description="Testing [ Add-DattoBaseURI ] functions with [ Add-DattoBaseURI.Tests.ps1 ].[ Add-DattoBaseURI ] testing functions">
                <results>
                  <test-case description="[ Add-DattoBaseURI ] should have an alias of [ Set-DattoBCDRBaseURI ]" name="Testing [ Add-DattoBaseURI ] functions with [ Add-DattoBaseURI.Tests.ps1 ].[ Add-DattoBaseURI ] testing functions.[ Add-DattoBaseURI ] should have an alias of [ Set-DattoBCDRBaseURI ]" time="0.0092" asserts="0" success="True" result="Success" executed="True" />
                  <test-case description="Without parameters should return the default URI" name="Testing [ Add-DattoBaseURI ] functions with [ Add-DattoBaseURI.Tests.ps1 ].[ Add-DattoBaseURI ] testing functions.Without parameters should return the default URI" time="0.0066" asserts="0" success="True" result="Success" executed="True" />
                  <test-case description="Should accept a value from the pipeline" name="Testing [ Add-DattoBaseURI ] functions with [ Add-DattoBaseURI.Tests.ps1 ].[ Add-DattoBaseURI ] testing functions.Should accept a value from the pipeline" time="0.0065" asserts="0" success="True" result="Success" executed="True" />
                  <test-case description="With parameter -BaseUri  should return what was inputted" name="Testing [ Add-DattoBaseURI ] functions with [ Add-DattoBaseURI.Tests.ps1 ].[ Add-DattoBaseURI ] testing functions.With parameter -BaseUri  should return what was inputted" time="0.0064" asserts="0" success="True" result="Success" executed="True" />
                  <test-case description="With parameter -DataCenter US should return the default URI" name="Testing [ Add-DattoBaseURI ] functions with [ Add-DattoBaseURI.Tests.ps1 ].[ Add-DattoBaseURI ] testing functions.With parameter -DataCenter US should return the default URI" time="0.0062" asserts="0" success="True" result="Success" executed="True" />
                  <test-case description="With invalid parameter value -DataCenter Space should return an error" name="Testing [ Add-DattoBaseURI ] functions with [ Add-DattoBaseURI.Tests.ps1 ].[ Add-DattoBaseURI ] testing functions.With invalid parameter value -DataCenter Space should return an error" time="0.0079" asserts="0" success="True" result="Success" executed="True" />
                  <test-case description="The default URI should NOT contain a trailing forward slash" name="Testing [ Add-DattoBaseURI ] functions with [ Add-DattoBaseURI.Tests.ps1 ].[ Add-DattoBaseURI ] testing functions.The default URI should NOT contain a trailing forward slash" time="0.0087" asserts="0" success="True" result="Success" executed="True" />
                  <test-case description="A custom URI should NOT contain a trailing forward slash" name="Testing [ Add-DattoBaseURI ] functions with [ Add-DattoBaseURI.Tests.ps1 ].[ Add-DattoBaseURI ] testing functions.A custom URI should NOT contain a trailing forward slash" time="0.0057" asserts="0" success="True" result="Success" executed="True" />
                </results>
              </test-suite>
            </results>
          </test-suite>
        </results>
      </test-suite>
      <test-suite type="TestFixture" name="C:\Celerium\Projects\_API\Celerium.DattoBCDR\tests\Private\BaseUri\Get-DattoBaseURI.Tests.ps1" executed="True" result="Success" success="True" time="0.1561" asserts="0" description="C:\Celerium\Projects\_API\Celerium.DattoBCDR\tests\Private\BaseUri\Get-DattoBaseURI.Tests.ps1">
        <results>
          <test-suite type="TestFixture" name="Testing [ Get-DattoBaseURI ] function with [ Get-DattoBaseURI.Tests.ps1 ]" executed="True" result="Success" success="True" time="0.0541" asserts="0" description="Testing [ Get-DattoBaseURI ] function with [ Get-DattoBaseURI.Tests.ps1 ]">
            <results>
              <test-suite type="TestFixture" name="Testing [ Get-DattoBaseURI ] function with [ Get-DattoBaseURI.Tests.ps1 ].[ Get-DattoBaseURI ] testing function" executed="True" result="Success" success="True" time="0.0451" asserts="0" description="Testing [ Get-DattoBaseURI ] function with [ Get-DattoBaseURI.Tests.ps1 ].[ Get-DattoBaseURI ] testing function">
                <results>
                  <test-case description="The default URI should be returned" name="Testing [ Get-DattoBaseURI ] function with [ Get-DattoBaseURI.Tests.ps1 ].[ Get-DattoBaseURI ] testing function.The default URI should be returned" time="0.0067" asserts="0" success="True" result="Success" executed="True" />
                  <test-case description="The URI should be a string" name="Testing [ Get-DattoBaseURI ] function with [ Get-DattoBaseURI.Tests.ps1 ].[ Get-DattoBaseURI ] testing function.The URI should be a string" time="0.0087" asserts="0" success="True" result="Success" executed="True" />
                  <test-case description="The default URI should NOT contain a trailing forward slash" name="Testing [ Get-DattoBaseURI ] function with [ Get-DattoBaseURI.Tests.ps1 ].[ Get-DattoBaseURI ] testing function.The default URI should NOT contain a trailing forward slash" time="0.0093" asserts="0" success="True" result="Success" executed="True" />
                  <test-case description="A custom URI should NOT contain a trailing forward slash" name="Testing [ Get-DattoBaseURI ] function with [ Get-DattoBaseURI.Tests.ps1 ].[ Get-DattoBaseURI ] testing function.A custom URI should NOT contain a trailing forward slash" time="0.0056" asserts="0" success="True" result="Success" executed="True" />
                  <test-case description="If the BaseUri is not set a warning should be thrown" name="Testing [ Get-DattoBaseURI ] function with [ Get-DattoBaseURI.Tests.ps1 ].[ Get-DattoBaseURI ] testing function.If the BaseUri is not set a warning should be thrown" time="0.0057" asserts="0" success="True" result="Success" executed="True" />
                </results>
              </test-suite>
            </results>
          </test-suite>
        </results>
      </test-suite>
      <test-suite type="TestFixture" name="C:\Celerium\Projects\_API\Celerium.DattoBCDR\tests\Private\BaseUri\Remove-DattoBaseURI.Tests.ps1" executed="True" result="Success" success="True" time="0.1182" asserts="0" description="C:\Celerium\Projects\_API\Celerium.DattoBCDR\tests\Private\BaseUri\Remove-DattoBaseURI.Tests.ps1">
        <results>
          <test-suite type="TestFixture" name="Testing [ Remove-DattoBaseURI ] function with [ Remove-DattoBaseURI.Tests.ps1 ]" executed="True" result="Success" success="True" time="0.0322" asserts="0" description="Testing [ Remove-DattoBaseURI ] function with [ Remove-DattoBaseURI.Tests.ps1 ]">
            <results>
              <test-suite type="TestFixture" name="Testing [ Remove-DattoBaseURI ] function with [ Remove-DattoBaseURI.Tests.ps1 ].[ Remove-DattoBaseURI ] testing function" executed="True" result="Success" success="True" time="0.0239" asserts="0" description="Testing [ Remove-DattoBaseURI ] function with [ Remove-DattoBaseURI.Tests.ps1 ].[ Remove-DattoBaseURI ] testing function">
                <results>
                  <test-case description="The BaseUri variable should not longer exist" name="Testing [ Remove-DattoBaseURI ] function with [ Remove-DattoBaseURI.Tests.ps1 ].[ Remove-DattoBaseURI ] testing function.The BaseUri variable should not longer exist" time="0.0062" asserts="0" success="True" result="Success" executed="True" />
                  <test-case description="If the BaseUri is already gone a warning should be thrown" name="Testing [ Remove-DattoBaseURI ] function with [ Remove-DattoBaseURI.Tests.ps1 ].[ Remove-DattoBaseURI ] testing function.If the BaseUri is already gone a warning should be thrown" time="0.0063" asserts="0" success="True" result="Success" executed="True" />
                </results>
              </test-suite>
            </results>
          </test-suite>
        </results>
      </test-suite>
      <test-suite type="TestFixture" name="C:\Celerium\Projects\_API\Celerium.DattoBCDR\tests\Private\ModuleSettings\Export-DattoModuleSettings.Tests.ps1" executed="True" result="Success" success="True" time="0.1787" asserts="0" description="C:\Celerium\Projects\_API\Celerium.DattoBCDR\tests\Private\ModuleSettings\Export-DattoModuleSettings.Tests.ps1">
        <results>
          <test-suite type="TestFixture" name="Testing [ Export-DattoModuleSettings ] function with [ Export-DattoModuleSettings.Tests.ps1 ]" executed="True" result="Success" success="True" time="0.0844" asserts="0" description="Testing [ Export-DattoModuleSettings ] function with [ Export-DattoModuleSettings.Tests.ps1 ]">
            <results>
              <test-suite type="TestFixture" name="Testing [ Export-DattoModuleSettings ] function with [ Export-DattoModuleSettings.Tests.ps1 ].[ Export-DattoModuleSettings ] testing function" executed="True" result="Success" success="True" time="0.0766" asserts="0" description="Testing [ Export-DattoModuleSettings ] function with [ Export-DattoModuleSettings.Tests.ps1 ].[ Export-DattoModuleSettings ] testing function">
                <results>
                  <test-case description="Should export successfully" name="Testing [ Export-DattoModuleSettings ] function with [ Export-DattoModuleSettings.Tests.ps1 ].[ Export-DattoModuleSettings ] testing function.Should export successfully" time="0.0132" asserts="0" success="True" result="Success" executed="True" />
                  <test-case description="Configuration directory should be hidden" name="Testing [ Export-DattoModuleSettings ] function with [ Export-DattoModuleSettings.Tests.ps1 ].[ Export-DattoModuleSettings ] testing function.Configuration directory should be hidden" time="0.0179" asserts="0" success="True" result="Success" executed="True" />
                  <test-case description="Configuration file should contain required values" name="Testing [ Export-DattoModuleSettings ] function with [ Export-DattoModuleSettings.Tests.ps1 ].[ Export-DattoModuleSettings ] testing function.Configuration file should contain required values" time="0.0369" asserts="0" success="True" result="Success" executed="True" />
                </results>
              </test-suite>
            </results>
          </test-suite>
        </results>
      </test-suite>
      <test-suite type="TestFixture" name="C:\Celerium\Projects\_API\Celerium.DattoBCDR\tests\Private\ModuleSettings\Get-DattoModuleSettings.Tests.ps1" executed="True" result="Success" success="True" time="0.1954" asserts="0" description="C:\Celerium\Projects\_API\Celerium.DattoBCDR\tests\Private\ModuleSettings\Get-DattoModuleSettings.Tests.ps1">
        <results>
          <test-suite type="TestFixture" name="Testing [ Get-DattoModuleSettings ] function with [ Get-DattoModuleSettings.Tests.ps1 ]" executed="True" result="Success" success="True" time="0.1001" asserts="0" description="Testing [ Get-DattoModuleSettings ] function with [ Get-DattoModuleSettings.Tests.ps1 ]">
            <results>
              <test-suite type="TestFixture" name="Testing [ Get-DattoModuleSettings ] function with [ Get-DattoModuleSettings.Tests.ps1 ].[ Get-DattoModuleSettings ] testing function" executed="True" result="Success" success="True" time="0.0922" asserts="0" description="Testing [ Get-DattoModuleSettings ] function with [ Get-DattoModuleSettings.Tests.ps1 ].[ Get-DattoModuleSettings ] testing function">
                <results>
                  <test-case description="Configuration directory should be hidden" name="Testing [ Get-DattoModuleSettings ] function with [ Get-DattoModuleSettings.Tests.ps1 ].[ Get-DattoModuleSettings ] testing function.Configuration directory should be hidden" time="0.0161" asserts="0" success="True" result="Success" executed="True" />
                  <test-case description="Configuration file should contain required values" name="Testing [ Get-DattoModuleSettings ] function with [ Get-DattoModuleSettings.Tests.ps1 ].[ Get-DattoModuleSettings ] testing function.Configuration file should contain required values" time="0.0676" asserts="0" success="True" result="Success" executed="True" />
                </results>
              </test-suite>
            </results>
          </test-suite>
        </results>
      </test-suite>
      <test-suite type="TestFixture" name="C:\Celerium\Projects\_API\Celerium.DattoBCDR\tests\Private\ModuleSettings\Import-DattoModuleSettings.Tests.ps1" executed="True" result="Success" success="True" time="0.2429" asserts="0" description="C:\Celerium\Projects\_API\Celerium.DattoBCDR\tests\Private\ModuleSettings\Import-DattoModuleSettings.Tests.ps1">
        <results>
          <test-suite type="TestFixture" name="Testing [ Import-DattoModuleSettings ] function with [ Import-DattoModuleSettings.Tests.ps1 ]" executed="True" result="Success" success="True" time="0.1472" asserts="0" description="Testing [ Import-DattoModuleSettings ] function with [ Import-DattoModuleSettings.Tests.ps1 ]">
            <results>
              <test-suite type="TestFixture" name="Testing [ Import-DattoModuleSettings ] function with [ Import-DattoModuleSettings.Tests.ps1 ].[ Import-DattoModuleSettings ] testing function" executed="True" result="Success" success="True" time="0.139" asserts="0" description="Testing [ Import-DattoModuleSettings ] function with [ Import-DattoModuleSettings.Tests.ps1 ].[ Import-DattoModuleSettings ] testing function">
                <results>
                  <test-case description="No configuration should populate baseline variables" name="Testing [ Import-DattoModuleSettings ] function with [ Import-DattoModuleSettings.Tests.ps1 ].[ Import-DattoModuleSettings ] testing function.No configuration should populate baseline variables" time="0.0122" asserts="0" success="True" result="Success" executed="True" />
                  <test-case description="Saved configuration session should contain required variables" name="Testing [ Import-DattoModuleSettings ] function with [ Import-DattoModuleSettings.Tests.ps1 ].[ Import-DattoModuleSettings ] testing function.Saved configuration session should contain required variables" time="0.0636" asserts="0" success="True" result="Success" executed="True" />
                  <test-case description="Saved configuration session should NOT contain temp variables" name="Testing [ Import-DattoModuleSettings ] function with [ Import-DattoModuleSettings.Tests.ps1 ].[ Import-DattoModuleSettings ] testing function.Saved configuration session should NOT contain temp variables" time="0.0544" asserts="0" success="True" result="Success" executed="True" />
                </results>
              </test-suite>
            </results>
          </test-suite>
        </results>
      </test-suite>
      <test-suite type="TestFixture" name="C:\Celerium\Projects\_API\Celerium.DattoBCDR\tests\Private\ModuleSettings\Initialize-DattoModuleSettings.Tests.ps1" executed="True" result="Success" success="True" time="0.1705" asserts="0" description="C:\Celerium\Projects\_API\Celerium.DattoBCDR\tests\Private\ModuleSettings\Initialize-DattoModuleSettings.Tests.ps1">
        <results>
          <test-suite type="TestFixture" name="Testing [ Initialize-DattoModuleSettings ] function with [ Initialize-DattoModuleSettings.Tests.ps1 ]" executed="True" result="Success" success="True" time="0.0798" asserts="0" description="Testing [ Initialize-DattoModuleSettings ] function with [ Initialize-DattoModuleSettings.Tests.ps1 ]">
            <results>
              <test-suite type="TestFixture" name="Testing [ Initialize-DattoModuleSettings ] function with [ Initialize-DattoModuleSettings.Tests.ps1 ].[ Initialize-DattoModuleSettings ] testing function" executed="True" result="Success" success="True" time="0.0715" asserts="0" description="Testing [ Initialize-DattoModuleSettings ] function with [ Initialize-DattoModuleSettings.Tests.ps1 ].[ Initialize-DattoModuleSettings ] testing function">
                <results>
                  <test-case description="When imported WITHOUT a saved configuration baseline variables should exist" name="Testing [ Initialize-DattoModuleSettings ] function with [ Initialize-DattoModuleSettings.Tests.ps1 ].[ Initialize-DattoModuleSettings ] testing function.When imported WITHOUT a saved configuration baseline variables should exist" time="0.0254" asserts="0" success="True" result="Success" executed="True" />
                  <test-case description="When imported WITh a saved configuration baseline variables should exist" name="Testing [ Initialize-DattoModuleSettings ] function with [ Initialize-DattoModuleSettings.Tests.ps1 ].[ Initialize-DattoModuleSettings ] testing function.When imported WITh a saved configuration baseline variables should exist" time="0.0374" asserts="0" success="True" result="Success" executed="True" />
                </results>
              </test-suite>
            </results>
          </test-suite>
        </results>
      </test-suite>
      <test-suite type="TestFixture" name="C:\Celerium\Projects\_API\Celerium.DattoBCDR\tests\Private\ModuleSettings\Remove-DattoModuleSettings.Tests.ps1" executed="True" result="Success" success="True" time="0.1596" asserts="0" description="C:\Celerium\Projects\_API\Celerium.DattoBCDR\tests\Private\ModuleSettings\Remove-DattoModuleSettings.Tests.ps1">
        <results>
          <test-suite type="TestFixture" name="Testing [ Remove-DattoModuleSettings ] function with [ Remove-DattoModuleSettings.Tests.ps1 ]" executed="True" result="Success" success="True" time="0.0662" asserts="0" description="Testing [ Remove-DattoModuleSettings ] function with [ Remove-DattoModuleSettings.Tests.ps1 ]">
            <results>
              <test-suite type="TestFixture" name="Testing [ Remove-DattoModuleSettings ] function with [ Remove-DattoModuleSettings.Tests.ps1 ].[ Remove-DattoModuleSettings ] testing function" executed="True" result="Success" success="True" time="0.0583" asserts="0" description="Testing [ Remove-DattoModuleSettings ] function with [ Remove-DattoModuleSettings.Tests.ps1 ].[ Remove-DattoModuleSettings ] testing function">
                <results>
                  <test-case description="No configuration should throw a warning" name="Testing [ Remove-DattoModuleSettings ] function with [ Remove-DattoModuleSettings.Tests.ps1 ].[ Remove-DattoModuleSettings ] testing function.No configuration should throw a warning" time="0.0058" asserts="0" success="True" result="Success" executed="True" />
                  <test-case description="Saved configuration should be removed" name="Testing [ Remove-DattoModuleSettings ] function with [ Remove-DattoModuleSettings.Tests.ps1 ].[ Remove-DattoModuleSettings ] testing function.Saved configuration should be removed" time="0.0217" asserts="0" success="True" result="Success" executed="True" />
                  <test-case description="Saved configuration &amp; variables should be removed" name="Testing [ Remove-DattoModuleSettings ] function with [ Remove-DattoModuleSettings.Tests.ps1 ].[ Remove-DattoModuleSettings ] testing function.Saved configuration &amp; variables should be removed" time="0.0222" asserts="0" success="True" result="Success" executed="True" />
                </results>
              </test-suite>
            </results>
          </test-suite>
        </results>
      </test-suite>
    </results>
  </test-suite>
</test-results>